<?xml version="1.0" encoding="UTF-8"?>
<testsuites name="TestSuite_5" time="690.966" tests="5" failures="0" errors="0">
   <testsuite name="TestSuite_5" tests="5" failures="0" errors="0" time="690.966" skipped="0" timestamp="2021-11-16 16:04:52" hostname="HP - LAPTOP-EDP04F0V" id="Test Suites/TestSuite_5">
      <properties>
         <property name="deviceName" value=""/>
         <property name="devicePlatform" value=""/>
         <property name="logFolder" value="C:\\Users\\HP\\Katalon Studio\\Project_1\\Reports\\20211116_160439\\TestSuite_5\\20211116_160439"/>
         <property name="logFiles" value="C:\\Users\\HP\\Katalon Studio\\Project_1\\Reports\\20211116_160439\\TestSuite_5\\20211116_160439\\execution0.log"/>
         <property name="attachments" value=""/>
         <property name="hostName" value="HP - LAPTOP-EDP04F0V"/>
         <property name="os" value="Windows 10 64bit"/>
         <property name="katalonVersion" value="8.1.0.208"/>
         <property name="browser" value="Chrome 95.0.4638.69"/>
         <property name="hostAddress" value="192.168.56.1"/>
         <property name="sessionId" value="50da1603a05317cdde485a06d484f52d"/>
         <property name="seleniumVersion" value="3.141.59"/>
         <property name="proxyInformation" value="ProxyInformation { proxyOption=NO_PROXY, proxyServerType=HTTP, username=, password=********, proxyServerAddress=, proxyServerPort=0, executionList=&quot;&quot;, isApplyToDesiredCapabilities=true }"/>
         <property name="platform" value="Windows 10"/>
      </properties>
      <testcase name="Test Cases/TC-01-VerifyLogin" time="31.409" classname="Test Cases/TC-01-VerifyLogin" status="PASSED">
         <system-out><![CDATA[2021-11-16 16:04:52 - [TEST_CASE][PASSED] - Test Cases/TC-01-VerifyLogin: Test Cases/TC-01-VerifyLogin

2021-11-16 16:04:52 - [TEST_STEP][PASSED] - openBrowser(findTestData("Login_Credentials").getValue("Input URL", 1)): Browser is opened with url: 'https://hfx-cadence.cs197.force.com/UnifiedSSO/CadenceApplicationLoginScreen?appcode=cos&langcode=en'

2021-11-16 16:04:53 - [MESSAGE][INFO] - Starting 'Chrome' driver

2021-11-16 16:04:53 - [MESSAGE][INFO] - Action delay is set to 0 milliseconds

2021-11-16 16:05:01 - [MESSAGE][PASSED] - Browser is opened with url: 'https://hfx-cadence.cs197.force.com/UnifiedSSO/CadenceApplicationLoginScreen?appcode=cos&langcode=en'

2021-11-16 16:05:01 - [TEST_STEP][PASSED] - setText(findTestObject("Login_OR/UserName_Field"), findTestData("Login_Credentials").getValue("User Name", 1)): Text 'auto_swhostiduser1.en@cssotest.com' is set on object 'Object Repository/Login_OR/UserName_Field'

2021-11-16 16:05:04 - [MESSAGE][PASSED] - Text 'auto_swhostiduser1.en@cssotest.com' is set on object 'Object Repository/Login_OR/UserName_Field'

2021-11-16 16:05:04 - [TEST_STEP][PASSED] - setText(findTestObject("Login_OR/Password_Field"), findTestData("Login_Credentials").getValue("Password", 1)): Text 'Cadence123' is set on object 'Object Repository/Login_OR/Password_Field'

2021-11-16 16:05:05 - [MESSAGE][PASSED] - Text 'Cadence123' is set on object 'Object Repository/Login_OR/Password_Field'

2021-11-16 16:05:05 - [TEST_STEP][PASSED] - click(findTestObject("Login_OR/Login_Button_Field")): Object: 'Object Repository/Login_OR/Login_Button_Field' is clicked on

2021-11-16 16:05:21 - [MESSAGE][PASSED] - Object: 'Object Repository/Login_OR/Login_Button_Field' is clicked on

2021-11-16 16:05:21 - [TEST_STEP][PASSED] - verifyElementPresent(findTestObject("Login_OR/UserLogo"), 0): Object 'Object Repository/Login_OR/UserLogo' is present

2021-11-16 16:05:21 - [MESSAGE][WARNING] - Timeout '0' is invalid. Using default page load timeout: '30'

2021-11-16 16:05:23 - [MESSAGE][PASSED] - Object 'Object Repository/Login_OR/UserLogo' is present]]></system-out>
         <system-err><![CDATA[]]></system-err>
      </testcase>
      <testcase name="Test Cases/TC-02-VerifyHomePageOptions" time="194.301" classname="Test Cases/TC-02-VerifyHomePageOptions" status="PASSED">
         <system-out><![CDATA[2021-11-16 16:05:23 - [TEST_CASE][PASSED] - Test Cases/TC-02-VerifyHomePageOptions: Test Cases/TC-02-VerifyHomePageOptions

2021-11-16 16:05:26 - [TEST_STEP][PASSED] - callTestCase(findTestCase("TC-01-VerifyLogin"), [:], STOP_ON_FAILURE): Call Test Case 'Test Cases/TC-01-VerifyLogin' successfully

2021-11-16 16:05:26 - [TEST_CASE][PASSED] - Test Cases/TC-01-VerifyLogin: Test Cases/TC-01-VerifyLogin

2021-11-16 16:05:26 - [TEST_STEP][PASSED] - openBrowser(findTestData("Login_Credentials").getValue("Input URL", 1)): Browser is opened with url: 'https://hfx-cadence.cs197.force.com/UnifiedSSO/CadenceApplicationLoginScreen?appcode=cos&langcode=en'

2021-11-16 16:05:26 - [MESSAGE][WARNING] - A browser is already opened. Closing browser and opening a new one

2021-11-16 16:05:27 - [MESSAGE][INFO] - Starting 'Chrome' driver

2021-11-16 16:05:27 - [MESSAGE][INFO] - Action delay is set to 0 milliseconds

2021-11-16 16:05:33 - [MESSAGE][PASSED] - Browser is opened with url: 'https://hfx-cadence.cs197.force.com/UnifiedSSO/CadenceApplicationLoginScreen?appcode=cos&langcode=en'

2021-11-16 16:05:33 - [TEST_STEP][PASSED] - setText(findTestObject("Login_OR/UserName_Field"), findTestData("Login_Credentials").getValue("User Name", 1)): Text 'auto_swhostiduser1.en@cssotest.com' is set on object 'Object Repository/Login_OR/UserName_Field'

2021-11-16 16:05:35 - [MESSAGE][PASSED] - Text 'auto_swhostiduser1.en@cssotest.com' is set on object 'Object Repository/Login_OR/UserName_Field'

2021-11-16 16:05:35 - [TEST_STEP][PASSED] - setText(findTestObject("Login_OR/Password_Field"), findTestData("Login_Credentials").getValue("Password", 1)): Text 'Cadence123' is set on object 'Object Repository/Login_OR/Password_Field'

2021-11-16 16:05:36 - [MESSAGE][PASSED] - Text 'Cadence123' is set on object 'Object Repository/Login_OR/Password_Field'

2021-11-16 16:05:36 - [TEST_STEP][PASSED] - click(findTestObject("Login_OR/Login_Button_Field")): Object: 'Object Repository/Login_OR/Login_Button_Field' is clicked on

2021-11-16 16:05:52 - [MESSAGE][PASSED] - Object: 'Object Repository/Login_OR/Login_Button_Field' is clicked on

2021-11-16 16:05:52 - [TEST_STEP][PASSED] - verifyElementPresent(findTestObject("Login_OR/UserLogo"), 0): Object 'Object Repository/Login_OR/UserLogo' is present

2021-11-16 16:05:52 - [MESSAGE][WARNING] - Timeout '0' is invalid. Using default page load timeout: '30'

2021-11-16 16:05:54 - [MESSAGE][PASSED] - Object 'Object Repository/Login_OR/UserLogo' is present

2021-11-16 16:05:54 - [MESSAGE][PASSED] - Call Test Case 'Test Cases/TC-01-VerifyLogin' successfully

2021-11-16 16:05:54 - [TEST_STEP][PASSED] - verifyElementText(findTestObject("DropDown_OR/Dropdown_Box_Position"), "All Content"): Actual text and expected text of test object 'Object Repository/DropDown_OR/Dropdown_Box_Position' are matched.

2021-11-16 16:05:54 - [MESSAGE][PASSED] - Actual text and expected text of test object 'Object Repository/DropDown_OR/Dropdown_Box_Position' are matched.

2021-11-16 16:05:54 - [TEST_STEP][PASSED] - click(findTestObject("DropDown_OR/Dropdown_Box_Position")): Object: 'Object Repository/DropDown_OR/Dropdown_Box_Position' is clicked on

2021-11-16 16:05:55 - [MESSAGE][PASSED] - Object: 'Object Repository/DropDown_OR/Dropdown_Box_Position' is clicked on

2021-11-16 16:05:55 - [TEST_STEP][PASSED] - listItem = new java.util.ArrayList(): null

2021-11-16 16:05:55 - [TEST_STEP][PASSED] - listItem.add("All"): null

2021-11-16 16:05:55 - [TEST_STEP][PASSED] - listItem.add("All Content"): null

2021-11-16 16:05:55 - [TEST_STEP][PASSED] - listItem.add("Product Manuals"): null

2021-11-16 16:05:55 - [TEST_STEP][PASSED] - listItem.add("Articles and AppNotes"): null

2021-11-16 16:05:55 - [TEST_STEP][PASSED] - listItem.add("Training Courses"): null

2021-11-16 16:05:55 - [TEST_STEP][PASSED] - listItem.add("Community"): null

2021-11-16 16:05:55 - [TEST_STEP][PASSED] - listItem.add("Cases"): null

2021-11-16 16:05:55 - [TEST_STEP][PASSED] - driver = getWebDriver(): null

2021-11-16 16:05:55 - [TEST_STEP][PASSED] - dropdownItems = driver.findElements(By.xpath("//*[@id='standaloneSearchDropdown']/ul/li")): null

2021-11-16 16:05:55 - [TEST_STEP][PASSED] - for ([i = 0, i < dropdownItems.size(), (i++)]): Object: 'Object Repository/DropDown_OR/Dropdown_Box_Position' is clicked on

2021-11-16 16:05:55 - [TEST_STEP][PASSED] - expecteditemText = listItem.get(i): null

2021-11-16 16:05:55 - [TEST_STEP][PASSED] - actualitemText = get(i).getText(): null

2021-11-16 16:05:55 - [TEST_STEP][PASSED] - isitemPresent = verifyMatch(actualitemText, expecteditemText, false): Actual text 'All' and expected text 'All' are matched 

2021-11-16 16:05:55 - [MESSAGE][PASSED] - Actual text 'All' and expected text 'All' are matched 

2021-11-16 16:05:55 - [TEST_STEP][PASSED] - out.println(isitemPresent): null

2021-11-16 16:05:56 - [TEST_STEP][PASSED] - get(i).click(): null

2021-11-16 16:05:56 - [TEST_STEP][PASSED] - isoptionSelected = verifyElementText(findTestObject("DropDown_OR/Dropdown_Box_Position"), expecteditemText): Actual text and expected text of test object 'Object Repository/DropDown_OR/Dropdown_Box_Position' are matched.

2021-11-16 16:05:56 - [MESSAGE][PASSED] - Actual text and expected text of test object 'Object Repository/DropDown_OR/Dropdown_Box_Position' are matched.

2021-11-16 16:05:56 - [TEST_STEP][PASSED] - out.println(isoptionSelected): null

2021-11-16 16:05:56 - [TEST_STEP][PASSED] - click(findTestObject("DropDown_OR/Dropdown_Box_Position")): Object: 'Object Repository/DropDown_OR/Dropdown_Box_Position' is clicked on

2021-11-16 16:05:57 - [MESSAGE][PASSED] - Object: 'Object Repository/DropDown_OR/Dropdown_Box_Position' is clicked on

2021-11-16 16:05:57 - [TEST_STEP][PASSED] - expecteditemText = listItem.get(i): null

2021-11-16 16:05:57 - [TEST_STEP][PASSED] - actualitemText = get(i).getText(): null

2021-11-16 16:05:57 - [TEST_STEP][PASSED] - isitemPresent = verifyMatch(actualitemText, expecteditemText, false): Actual text 'All Content' and expected text 'All Content' are matched 

2021-11-16 16:05:57 - [MESSAGE][PASSED] - Actual text 'All Content' and expected text 'All Content' are matched 

2021-11-16 16:05:57 - [TEST_STEP][PASSED] - out.println(isitemPresent): null

2021-11-16 16:05:57 - [TEST_STEP][PASSED] - get(i).click(): null

2021-11-16 16:05:57 - [TEST_STEP][PASSED] - isoptionSelected = verifyElementText(findTestObject("DropDown_OR/Dropdown_Box_Position"), expecteditemText): Actual text and expected text of test object 'Object Repository/DropDown_OR/Dropdown_Box_Position' are matched.

2021-11-16 16:05:57 - [MESSAGE][PASSED] - Actual text and expected text of test object 'Object Repository/DropDown_OR/Dropdown_Box_Position' are matched.

2021-11-16 16:05:57 - [TEST_STEP][PASSED] - out.println(isoptionSelected): null

2021-11-16 16:05:57 - [TEST_STEP][PASSED] - click(findTestObject("DropDown_OR/Dropdown_Box_Position")): Object: 'Object Repository/DropDown_OR/Dropdown_Box_Position' is clicked on

2021-11-16 16:05:58 - [MESSAGE][PASSED] - Object: 'Object Repository/DropDown_OR/Dropdown_Box_Position' is clicked on

2021-11-16 16:05:58 - [TEST_STEP][PASSED] - expecteditemText = listItem.get(i): null

2021-11-16 16:05:58 - [TEST_STEP][PASSED] - actualitemText = get(i).getText(): null

2021-11-16 16:05:58 - [TEST_STEP][PASSED] - isitemPresent = verifyMatch(actualitemText, expecteditemText, false): Actual text 'Product Manuals' and expected text 'Product Manuals' are matched 

2021-11-16 16:05:58 - [MESSAGE][PASSED] - Actual text 'Product Manuals' and expected text 'Product Manuals' are matched 

2021-11-16 16:05:58 - [TEST_STEP][PASSED] - out.println(isitemPresent): null

2021-11-16 16:05:58 - [TEST_STEP][PASSED] - get(i).click(): null

2021-11-16 16:05:58 - [TEST_STEP][PASSED] - isoptionSelected = verifyElementText(findTestObject("DropDown_OR/Dropdown_Box_Position"), expecteditemText): Actual text and expected text of test object 'Object Repository/DropDown_OR/Dropdown_Box_Position' are matched.

2021-11-16 16:05:58 - [MESSAGE][PASSED] - Actual text and expected text of test object 'Object Repository/DropDown_OR/Dropdown_Box_Position' are matched.

2021-11-16 16:05:58 - [TEST_STEP][PASSED] - out.println(isoptionSelected): null

2021-11-16 16:05:58 - [TEST_STEP][PASSED] - click(findTestObject("DropDown_OR/Dropdown_Box_Position")): Object: 'Object Repository/DropDown_OR/Dropdown_Box_Position' is clicked on

2021-11-16 16:05:59 - [MESSAGE][PASSED] - Object: 'Object Repository/DropDown_OR/Dropdown_Box_Position' is clicked on

2021-11-16 16:05:59 - [TEST_STEP][PASSED] - expecteditemText = listItem.get(i): null

2021-11-16 16:05:59 - [TEST_STEP][PASSED] - actualitemText = get(i).getText(): null

2021-11-16 16:05:59 - [TEST_STEP][PASSED] - isitemPresent = verifyMatch(actualitemText, expecteditemText, false): Actual text 'Articles and AppNotes' and expected text 'Articles and AppNotes' are matched 

2021-11-16 16:05:59 - [MESSAGE][PASSED] - Actual text 'Articles and AppNotes' and expected text 'Articles and AppNotes' are matched 

2021-11-16 16:05:59 - [TEST_STEP][PASSED] - out.println(isitemPresent): null

2021-11-16 16:05:59 - [TEST_STEP][PASSED] - get(i).click(): null

2021-11-16 16:05:59 - [TEST_STEP][PASSED] - isoptionSelected = verifyElementText(findTestObject("DropDown_OR/Dropdown_Box_Position"), expecteditemText): Actual text and expected text of test object 'Object Repository/DropDown_OR/Dropdown_Box_Position' are matched.

2021-11-16 16:06:00 - [MESSAGE][PASSED] - Actual text and expected text of test object 'Object Repository/DropDown_OR/Dropdown_Box_Position' are matched.

2021-11-16 16:06:00 - [TEST_STEP][PASSED] - out.println(isoptionSelected): null

2021-11-16 16:06:00 - [TEST_STEP][PASSED] - click(findTestObject("DropDown_OR/Dropdown_Box_Position")): Object: 'Object Repository/DropDown_OR/Dropdown_Box_Position' is clicked on

2021-11-16 16:06:00 - [MESSAGE][PASSED] - Object: 'Object Repository/DropDown_OR/Dropdown_Box_Position' is clicked on

2021-11-16 16:06:00 - [TEST_STEP][PASSED] - expecteditemText = listItem.get(i): null

2021-11-16 16:06:00 - [TEST_STEP][PASSED] - actualitemText = get(i).getText(): null

2021-11-16 16:06:00 - [TEST_STEP][PASSED] - isitemPresent = verifyMatch(actualitemText, expecteditemText, false): Actual text 'Training Courses' and expected text 'Training Courses' are matched 

2021-11-16 16:06:00 - [MESSAGE][PASSED] - Actual text 'Training Courses' and expected text 'Training Courses' are matched 

2021-11-16 16:06:00 - [TEST_STEP][PASSED] - out.println(isitemPresent): null

2021-11-16 16:06:00 - [TEST_STEP][PASSED] - get(i).click(): null

2021-11-16 16:06:00 - [TEST_STEP][PASSED] - isoptionSelected = verifyElementText(findTestObject("DropDown_OR/Dropdown_Box_Position"), expecteditemText): Actual text and expected text of test object 'Object Repository/DropDown_OR/Dropdown_Box_Position' are matched.

2021-11-16 16:06:01 - [MESSAGE][PASSED] - Actual text and expected text of test object 'Object Repository/DropDown_OR/Dropdown_Box_Position' are matched.

2021-11-16 16:06:01 - [TEST_STEP][PASSED] - out.println(isoptionSelected): null

2021-11-16 16:06:01 - [TEST_STEP][PASSED] - click(findTestObject("DropDown_OR/Dropdown_Box_Position")): Object: 'Object Repository/DropDown_OR/Dropdown_Box_Position' is clicked on

2021-11-16 16:06:01 - [MESSAGE][PASSED] - Object: 'Object Repository/DropDown_OR/Dropdown_Box_Position' is clicked on

2021-11-16 16:06:01 - [TEST_STEP][PASSED] - expecteditemText = listItem.get(i): null

2021-11-16 16:06:01 - [TEST_STEP][PASSED] - actualitemText = get(i).getText(): null

2021-11-16 16:06:01 - [TEST_STEP][PASSED] - isitemPresent = verifyMatch(actualitemText, expecteditemText, false): Actual text 'Community' and expected text 'Community' are matched 

2021-11-16 16:06:01 - [MESSAGE][PASSED] - Actual text 'Community' and expected text 'Community' are matched 

2021-11-16 16:06:01 - [TEST_STEP][PASSED] - out.println(isitemPresent): null

2021-11-16 16:06:01 - [TEST_STEP][PASSED] - get(i).click(): null

2021-11-16 16:06:01 - [TEST_STEP][PASSED] - isoptionSelected = verifyElementText(findTestObject("DropDown_OR/Dropdown_Box_Position"), expecteditemText): Actual text and expected text of test object 'Object Repository/DropDown_OR/Dropdown_Box_Position' are matched.

2021-11-16 16:06:02 - [MESSAGE][PASSED] - Actual text and expected text of test object 'Object Repository/DropDown_OR/Dropdown_Box_Position' are matched.

2021-11-16 16:06:02 - [TEST_STEP][PASSED] - out.println(isoptionSelected): null

2021-11-16 16:06:02 - [TEST_STEP][PASSED] - click(findTestObject("DropDown_OR/Dropdown_Box_Position")): Object: 'Object Repository/DropDown_OR/Dropdown_Box_Position' is clicked on

2021-11-16 16:06:02 - [MESSAGE][PASSED] - Object: 'Object Repository/DropDown_OR/Dropdown_Box_Position' is clicked on

2021-11-16 16:06:02 - [TEST_STEP][PASSED] - expecteditemText = listItem.get(i): null

2021-11-16 16:06:02 - [TEST_STEP][PASSED] - actualitemText = get(i).getText(): null

2021-11-16 16:06:02 - [TEST_STEP][PASSED] - isitemPresent = verifyMatch(actualitemText, expecteditemText, false): Actual text 'Cases' and expected text 'Cases' are matched 

2021-11-16 16:06:02 - [MESSAGE][PASSED] - Actual text 'Cases' and expected text 'Cases' are matched 

2021-11-16 16:06:02 - [TEST_STEP][PASSED] - out.println(isitemPresent): null

2021-11-16 16:06:02 - [TEST_STEP][PASSED] - get(i).click(): null

2021-11-16 16:06:02 - [TEST_STEP][PASSED] - isoptionSelected = verifyElementText(findTestObject("DropDown_OR/Dropdown_Box_Position"), expecteditemText): Actual text and expected text of test object 'Object Repository/DropDown_OR/Dropdown_Box_Position' are matched.

2021-11-16 16:06:03 - [MESSAGE][PASSED] - Actual text and expected text of test object 'Object Repository/DropDown_OR/Dropdown_Box_Position' are matched.

2021-11-16 16:06:03 - [TEST_STEP][PASSED] - out.println(isoptionSelected): null

2021-11-16 16:06:03 - [TEST_STEP][PASSED] - click(findTestObject("DropDown_OR/Dropdown_Box_Position")): Object: 'Object Repository/DropDown_OR/Dropdown_Box_Position' is clicked on

2021-11-16 16:06:03 - [MESSAGE][PASSED] - Object: 'Object Repository/DropDown_OR/Dropdown_Box_Position' is clicked on

2021-11-16 16:06:03 - [TEST_STEP][PASSED] - click(findTestObject("DropDown_OR/Dropdown_Box_Position")): Object: 'Object Repository/DropDown_OR/Dropdown_Box_Position' is clicked on

2021-11-16 16:06:04 - [MESSAGE][PASSED] - Object: 'Object Repository/DropDown_OR/Dropdown_Box_Position' is clicked on

2021-11-16 16:06:04 - [TEST_STEP][PASSED] - verifyElementVisible(findTestObject("Object Repository/Searchbar_OR/Searchbar_position")): Object 'Object Repository/Searchbar_OR/Searchbar_position' is visible

2021-11-16 16:06:04 - [MESSAGE][PASSED] - Object 'Object Repository/Searchbar_OR/Searchbar_position' is visible

2021-11-16 16:06:04 - [TEST_STEP][PASSED] - isplaceholderPresent = verifyElementAttributeValue(findTestObject("Searchbar_OR/Searchbar_position"), "placeholder", "Start your search here...", 5): Object 'Object Repository/Searchbar_OR/Searchbar_position' has attribute 'placeholder' with value 'Start your search here...'

2021-11-16 16:06:05 - [MESSAGE][PASSED] - Object 'Object Repository/Searchbar_OR/Searchbar_position' has attribute 'placeholder' with value 'Start your search here...'

2021-11-16 16:06:05 - [TEST_STEP][PASSED] - out.println(isplaceholderPresent): null

2021-11-16 16:06:05 - [TEST_STEP][PASSED] - expectedTooltip = "Insert a query. Press enter to send": null

2021-11-16 16:06:05 - [TEST_STEP][PASSED] - actualTooltip = getAttribute(findTestObject("Searchbar_OR/Searchbar_position"), "title"): Attribute 'title' of object 'Object Repository/Searchbar_OR/Searchbar_position' is: 'Insert a query. Press enter to send'

2021-11-16 16:06:05 - [MESSAGE][PASSED] - Attribute 'title' of object 'Object Repository/Searchbar_OR/Searchbar_position' is: 'Insert a query. Press enter to send'

2021-11-16 16:06:05 - [TEST_STEP][PASSED] - istooltipTrue = verifyMatch(actualTooltip, expectedTooltip, true): Actual text 'Insert a query. Press enter to send' and expected text 'Insert a query. Press enter to send' are matched  using regular expression

2021-11-16 16:06:05 - [MESSAGE][PASSED] - Actual text 'Insert a query. Press enter to send' and expected text 'Insert a query. Press enter to send' are matched  using regular expression

2021-11-16 16:06:05 - [TEST_STEP][PASSED] - out.println(istooltipTrue): null

2021-11-16 16:06:05 - [TEST_STEP][PASSED] - verifyElementVisible(findTestObject("Object Repository/Searchbar_OR/MagnifyingGlass_Position")): Object 'Object Repository/Searchbar_OR/MagnifyingGlass_Position' is visible

2021-11-16 16:06:06 - [MESSAGE][PASSED] - Object 'Object Repository/Searchbar_OR/MagnifyingGlass_Position' is visible

2021-11-16 16:06:06 - [TEST_STEP][PASSED] - scrollToElement(findTestObject("Quick_Link_Section_OR/Quick_link_Section_location"), 5): Scroll to object 'Object Repository/Quick_Link_Section_OR/Quick_link_Section_location' successfully

2021-11-16 16:06:06 - [MESSAGE][PASSED] - Scroll to object 'Object Repository/Quick_Link_Section_OR/Quick_link_Section_location' successfully

2021-11-16 16:06:06 - [TEST_STEP][PASSED] - verifyElementVisible(findTestObject("Quick_Link_Section_OR/Installation_and_licensing_location")): Object 'Object Repository/Quick_Link_Section_OR/Installation_and_licensing_location' is visible

2021-11-16 16:06:07 - [MESSAGE][PASSED] - Object 'Object Repository/Quick_Link_Section_OR/Installation_and_licensing_location' is visible

2021-11-16 16:06:07 - [TEST_STEP][PASSED] - click(findTestObject("Quick_Link_Section_OR/Installation_and_licensing_location")): Object: 'Object Repository/Quick_Link_Section_OR/Installation_and_licensing_location' is clicked on

2021-11-16 16:06:10 - [MESSAGE][PASSED] - Object: 'Object Repository/Quick_Link_Section_OR/Installation_and_licensing_location' is clicked on

2021-11-16 16:06:10 - [TEST_STEP][PASSED] - waitForElementVisible(findTestObject("Search_Result_Page_OR/Search_Area"), 5): Object 'Object Repository/Search_Result_Page_OR/Search_Area' is visible

2021-11-16 16:06:12 - [MESSAGE][PASSED] - Object 'Object Repository/Search_Result_Page_OR/Search_Area' is visible

2021-11-16 16:06:12 - [TEST_STEP][PASSED] - expectedTitle = "Installation, Licensing and Configuration": null

2021-11-16 16:06:12 - [TEST_STEP][PASSED] - actualTitle = getWindowTitle(): Current window's title is: 'Installation, Licensing and Configuration'

2021-11-16 16:06:12 - [MESSAGE][PASSED] - Current window's title is: 'Installation, Licensing and Configuration'

2021-11-16 16:06:12 - [TEST_STEP][PASSED] - verifyMatch(actualTitle, expectedTitle, true): Actual text 'Installation, Licensing and Configuration' and expected text 'Installation, Licensing and Configuration' are matched  using regular expression

2021-11-16 16:06:12 - [MESSAGE][PASSED] - Actual text 'Installation, Licensing and Configuration' and expected text 'Installation, Licensing and Configuration' are matched  using regular expression

2021-11-16 16:06:12 - [TEST_STEP][PASSED] - verifyElementText(findTestObject("Object Repository/Search_Result_Page_OR/SearchCustomHeader_location"), "Installation, Licensing and Configuration"): Actual text and expected text of test object 'Object Repository/Search_Result_Page_OR/SearchCustomHeader_location' are matched.

2021-11-16 16:06:12 - [MESSAGE][PASSED] - Actual text and expected text of test object 'Object Repository/Search_Result_Page_OR/SearchCustomHeader_location' are matched.

2021-11-16 16:06:12 - [TEST_STEP][PASSED] - click(findTestObject("Search_Result_Page_OR/ShowAllAttribute_button")): Object: 'Object Repository/Search_Result_Page_OR/ShowAllAttribute_button' is clicked on

2021-11-16 16:06:13 - [MESSAGE][PASSED] - Object: 'Object Repository/Search_Result_Page_OR/ShowAllAttribute_button' is clicked on

2021-11-16 16:06:13 - [TEST_STEP][PASSED] - firstRow = driver.findElements(By.xpath("//div[@class = 'coveo-result-row coveo-custom-result-attributes' ]//div[2]//tr/th")): null

2021-11-16 16:06:13 - [TEST_STEP][PASSED] - productrowColumn = driver.findElements(By.xpath("//div[@class = 'coveo-result-row coveo-custom-result-attributes' ]//div[2]//tr[1]/td[1]")): null

2021-11-16 16:06:13 - [TEST_STEP][PASSED] - thirdRow = driver.findElements(By.xpath("//div[@class = 'coveo-result-row coveo-custom-result-attributes' ]//div[2]//tr[3]/td[1]")): null

2021-11-16 16:06:14 - [TEST_STEP][PASSED] - documentColumn = driver.findElements(By.xpath("//div[@class = 'coveo-result-row coveo-custom-result-attributes' ]//div[2]//tr[3]/td[2]")): null

2021-11-16 16:06:14 - [TEST_STEP][PASSED] - totalcms = productrowColumn.size(): null

2021-11-16 16:06:14 - [TEST_STEP][PASSED] - out.println(totalcms): null

2021-11-16 16:06:14 - [TEST_STEP][PASSED] - for ([i = 0, i < totalcms, (i++)]): null

2021-11-16 16:06:14 - [TEST_STEP][PASSED] - expectedText = "Product(s):": null

2021-11-16 16:06:14 - [TEST_STEP][PASSED] - actualText = getText().toString(): null

2021-11-16 16:06:14 - [TEST_STEP][PASSED] - isproductPresent = verifyMatch(actualText, expectedText, false): Actual text 'Product(s):' and expected text 'Product(s):' are matched 

2021-11-16 16:06:14 - [MESSAGE][PASSED] - Actual text 'Product(s):' and expected text 'Product(s):' are matched 

2021-11-16 16:06:14 - [TEST_STEP][PASSED] - if (isproductPresent == true): null

2021-11-16 16:06:14 - [TEST_STEP][PASSED] - ithproductrowColumn = get(i).getText(): null

2021-11-16 16:06:14 - [TEST_STEP][PASSED] - installationWord = ithproductrowColumn.contains("Installation and Licensing"): null

2021-11-16 16:06:14 - [TEST_STEP][PASSED] - if (installationWord == true): null

2021-11-16 16:06:14 - [TEST_STEP][PASSED] - out.println("Installation and Licensing word is present"): null

2021-11-16 16:06:14 - [TEST_STEP][PASSED] - expectedWord = "Document type:": null

2021-11-16 16:06:14 - [TEST_STEP][PASSED] - actualWord = getText().toString(): null

2021-11-16 16:06:14 - [TEST_STEP][PASSED] - isdocumentPresent = verifyMatch(actualWord, expectedWord, false): Actual text 'Document type:' and expected text 'Document type:' are matched 

2021-11-16 16:06:14 - [MESSAGE][PASSED] - Actual text 'Document type:' and expected text 'Document type:' are matched 

2021-11-16 16:06:14 - [TEST_STEP][PASSED] - if (isdocumentPresent == true): null

2021-11-16 16:06:14 - [TEST_STEP][PASSED] - ithdocumentColumn = get(i).getText(): null

2021-11-16 16:06:14 - [TEST_STEP][PASSED] - configurationWord = ithdocumentColumn.contains("Installation, Licensing & Configuration"): null

2021-11-16 16:06:14 - [TEST_STEP][PASSED] - if (configurationWord == true): null

2021-11-16 16:06:14 - [TEST_STEP][PASSED] - out.println("Installation, Licensing & Configuration word is present"): null

2021-11-16 16:06:14 - [TEST_STEP][PASSED] - expectedText = "Product(s):": null

2021-11-16 16:06:14 - [TEST_STEP][PASSED] - actualText = getText().toString(): null

2021-11-16 16:06:14 - [TEST_STEP][PASSED] - isproductPresent = verifyMatch(actualText, expectedText, false): Actual text 'Product(s):' and expected text 'Product(s):' are matched 

2021-11-16 16:06:14 - [MESSAGE][PASSED] - Actual text 'Product(s):' and expected text 'Product(s):' are matched 

2021-11-16 16:06:14 - [TEST_STEP][PASSED] - if (isproductPresent == true): null

2021-11-16 16:06:14 - [TEST_STEP][PASSED] - ithproductrowColumn = get(i).getText(): null

2021-11-16 16:06:14 - [TEST_STEP][PASSED] - installationWord = ithproductrowColumn.contains("Installation and Licensing"): null

2021-11-16 16:06:14 - [TEST_STEP][PASSED] - if (installationWord == true): null

2021-11-16 16:06:14 - [TEST_STEP][PASSED] - out.println("Installation and Licensing word is present"): null

2021-11-16 16:06:14 - [TEST_STEP][PASSED] - expectedWord = "Document type:": null

2021-11-16 16:06:14 - [TEST_STEP][PASSED] - actualWord = getText().toString(): null

2021-11-16 16:06:14 - [TEST_STEP][PASSED] - isdocumentPresent = verifyMatch(actualWord, expectedWord, false): Actual text 'Document type:' and expected text 'Document type:' are matched 

2021-11-16 16:06:14 - [MESSAGE][PASSED] - Actual text 'Document type:' and expected text 'Document type:' are matched 

2021-11-16 16:06:14 - [TEST_STEP][PASSED] - if (isdocumentPresent == true): null

2021-11-16 16:06:14 - [TEST_STEP][PASSED] - ithdocumentColumn = get(i).getText(): null

2021-11-16 16:06:14 - [TEST_STEP][PASSED] - configurationWord = ithdocumentColumn.contains("Installation, Licensing & Configuration"): null

2021-11-16 16:06:14 - [TEST_STEP][PASSED] - if (configurationWord == true): null

2021-11-16 16:06:14 - [TEST_STEP][PASSED] - else: null

2021-11-16 16:06:14 - [TEST_STEP][PASSED] - out.println("Installation, Licensing & Configuration word is not present"): null

2021-11-16 16:06:14 - [TEST_STEP][PASSED] - expectedText = "Product(s):": null

2021-11-16 16:06:14 - [TEST_STEP][PASSED] - actualText = getText().toString(): null

2021-11-16 16:06:14 - [TEST_STEP][PASSED] - isproductPresent = verifyMatch(actualText, expectedText, false): Actual text 'Product(s):' and expected text 'Product(s):' are matched 

2021-11-16 16:06:14 - [MESSAGE][PASSED] - Actual text 'Product(s):' and expected text 'Product(s):' are matched 

2021-11-16 16:06:14 - [TEST_STEP][PASSED] - if (isproductPresent == true): null

2021-11-16 16:06:14 - [TEST_STEP][PASSED] - ithproductrowColumn = get(i).getText(): null

2021-11-16 16:06:14 - [TEST_STEP][PASSED] - installationWord = ithproductrowColumn.contains("Installation and Licensing"): null

2021-11-16 16:06:14 - [TEST_STEP][PASSED] - if (installationWord == true): null

2021-11-16 16:06:14 - [TEST_STEP][PASSED] - out.println("Installation and Licensing word is present"): null

2021-11-16 16:06:14 - [TEST_STEP][PASSED] - expectedWord = "Document type:": null

2021-11-16 16:06:14 - [TEST_STEP][PASSED] - actualWord = getText().toString(): null

2021-11-16 16:06:14 - [TEST_STEP][PASSED] - isdocumentPresent = verifyMatch(actualWord, expectedWord, false): Actual text 'Document type:' and expected text 'Document type:' are matched 

2021-11-16 16:06:14 - [MESSAGE][PASSED] - Actual text 'Document type:' and expected text 'Document type:' are matched 

2021-11-16 16:06:14 - [TEST_STEP][PASSED] - if (isdocumentPresent == true): null

2021-11-16 16:06:14 - [TEST_STEP][PASSED] - ithdocumentColumn = get(i).getText(): null

2021-11-16 16:06:14 - [TEST_STEP][PASSED] - configurationWord = ithdocumentColumn.contains("Installation, Licensing & Configuration"): null

2021-11-16 16:06:14 - [TEST_STEP][PASSED] - if (configurationWord == true): null

2021-11-16 16:06:14 - [TEST_STEP][PASSED] - else: null

2021-11-16 16:06:14 - [TEST_STEP][PASSED] - out.println("Installation, Licensing & Configuration word is not present"): null

2021-11-16 16:06:14 - [TEST_STEP][PASSED] - expectedText = "Product(s):": null

2021-11-16 16:06:14 - [TEST_STEP][PASSED] - actualText = getText().toString(): null

2021-11-16 16:06:14 - [TEST_STEP][PASSED] - isproductPresent = verifyMatch(actualText, expectedText, false): Actual text 'Product(s):' and expected text 'Product(s):' are matched 

2021-11-16 16:06:14 - [MESSAGE][PASSED] - Actual text 'Product(s):' and expected text 'Product(s):' are matched 

2021-11-16 16:06:14 - [TEST_STEP][PASSED] - if (isproductPresent == true): null

2021-11-16 16:06:14 - [TEST_STEP][PASSED] - ithproductrowColumn = get(i).getText(): null

2021-11-16 16:06:14 - [TEST_STEP][PASSED] - installationWord = ithproductrowColumn.contains("Installation and Licensing"): null

2021-11-16 16:06:14 - [TEST_STEP][PASSED] - if (installationWord == true): null

2021-11-16 16:06:14 - [TEST_STEP][PASSED] - out.println("Installation and Licensing word is present"): null

2021-11-16 16:06:14 - [TEST_STEP][PASSED] - expectedWord = "Document type:": null

2021-11-16 16:06:14 - [TEST_STEP][PASSED] - actualWord = getText().toString(): null

2021-11-16 16:06:14 - [TEST_STEP][PASSED] - isdocumentPresent = verifyMatch(actualWord, expectedWord, false): Actual text 'Document type:' and expected text 'Document type:' are matched 

2021-11-16 16:06:14 - [MESSAGE][PASSED] - Actual text 'Document type:' and expected text 'Document type:' are matched 

2021-11-16 16:06:14 - [TEST_STEP][PASSED] - if (isdocumentPresent == true): null

2021-11-16 16:06:14 - [TEST_STEP][PASSED] - ithdocumentColumn = get(i).getText(): null

2021-11-16 16:06:14 - [TEST_STEP][PASSED] - configurationWord = ithdocumentColumn.contains("Installation, Licensing & Configuration"): null

2021-11-16 16:06:14 - [TEST_STEP][PASSED] - if (configurationWord == true): null

2021-11-16 16:06:14 - [TEST_STEP][PASSED] - else: null

2021-11-16 16:06:14 - [TEST_STEP][PASSED] - out.println("Installation, Licensing & Configuration word is not present"): null

2021-11-16 16:06:14 - [TEST_STEP][PASSED] - expectedText = "Product(s):": null

2021-11-16 16:06:14 - [TEST_STEP][PASSED] - actualText = getText().toString(): null

2021-11-16 16:06:14 - [TEST_STEP][PASSED] - isproductPresent = verifyMatch(actualText, expectedText, false): Actual text 'Product(s):' and expected text 'Product(s):' are matched 

2021-11-16 16:06:14 - [MESSAGE][PASSED] - Actual text 'Product(s):' and expected text 'Product(s):' are matched 

2021-11-16 16:06:14 - [TEST_STEP][PASSED] - if (isproductPresent == true): null

2021-11-16 16:06:14 - [TEST_STEP][PASSED] - ithproductrowColumn = get(i).getText(): null

2021-11-16 16:06:14 - [TEST_STEP][PASSED] - installationWord = ithproductrowColumn.contains("Installation and Licensing"): null

2021-11-16 16:06:14 - [TEST_STEP][PASSED] - if (installationWord == true): null

2021-11-16 16:06:14 - [TEST_STEP][PASSED] - else: null

2021-11-16 16:06:14 - [TEST_STEP][PASSED] - out.println("Installation and Licensing word is not present"): null

2021-11-16 16:06:14 - [TEST_STEP][PASSED] - expectedWord = "Document type:": null

2021-11-16 16:06:14 - [TEST_STEP][PASSED] - actualWord = getText().toString(): null

2021-11-16 16:06:14 - [TEST_STEP][PASSED] - isdocumentPresent = verifyMatch(actualWord, expectedWord, false): Actual text 'Document type:' and expected text 'Document type:' are matched 

2021-11-16 16:06:14 - [MESSAGE][PASSED] - Actual text 'Document type:' and expected text 'Document type:' are matched 

2021-11-16 16:06:14 - [TEST_STEP][PASSED] - if (isdocumentPresent == true): null

2021-11-16 16:06:14 - [TEST_STEP][PASSED] - ithdocumentColumn = get(i).getText(): null

2021-11-16 16:06:14 - [TEST_STEP][PASSED] - configurationWord = ithdocumentColumn.contains("Installation, Licensing & Configuration"): null

2021-11-16 16:06:14 - [TEST_STEP][PASSED] - if (configurationWord == true): null

2021-11-16 16:06:14 - [TEST_STEP][PASSED] - out.println("Installation, Licensing & Configuration word is present"): null

2021-11-16 16:06:14 - [TEST_STEP][PASSED] - expectedText = "Product(s):": null

2021-11-16 16:06:14 - [TEST_STEP][PASSED] - actualText = getText().toString(): null

2021-11-16 16:06:14 - [TEST_STEP][PASSED] - isproductPresent = verifyMatch(actualText, expectedText, false): Actual text 'Product(s):' and expected text 'Product(s):' are matched 

2021-11-16 16:06:14 - [MESSAGE][PASSED] - Actual text 'Product(s):' and expected text 'Product(s):' are matched 

2021-11-16 16:06:14 - [TEST_STEP][PASSED] - if (isproductPresent == true): null

2021-11-16 16:06:14 - [TEST_STEP][PASSED] - ithproductrowColumn = get(i).getText(): null

2021-11-16 16:06:15 - [TEST_STEP][PASSED] - installationWord = ithproductrowColumn.contains("Installation and Licensing"): null

2021-11-16 16:06:15 - [TEST_STEP][PASSED] - if (installationWord == true): null

2021-11-16 16:06:15 - [TEST_STEP][PASSED] - out.println("Installation and Licensing word is present"): null

2021-11-16 16:06:15 - [TEST_STEP][PASSED] - expectedWord = "Document type:": null

2021-11-16 16:06:15 - [TEST_STEP][PASSED] - actualWord = getText().toString(): null

2021-11-16 16:06:15 - [TEST_STEP][PASSED] - isdocumentPresent = verifyMatch(actualWord, expectedWord, false): Actual text 'Document type:' and expected text 'Document type:' are matched 

2021-11-16 16:06:15 - [MESSAGE][PASSED] - Actual text 'Document type:' and expected text 'Document type:' are matched 

2021-11-16 16:06:15 - [TEST_STEP][PASSED] - if (isdocumentPresent == true): null

2021-11-16 16:06:15 - [TEST_STEP][PASSED] - ithdocumentColumn = get(i).getText(): null

2021-11-16 16:06:15 - [TEST_STEP][PASSED] - configurationWord = ithdocumentColumn.contains("Installation, Licensing & Configuration"): null

2021-11-16 16:06:15 - [TEST_STEP][PASSED] - if (configurationWord == true): null

2021-11-16 16:06:15 - [TEST_STEP][PASSED] - else: null

2021-11-16 16:06:15 - [TEST_STEP][PASSED] - out.println("Installation, Licensing & Configuration word is not present"): null

2021-11-16 16:06:15 - [TEST_STEP][PASSED] - expectedText = "Product(s):": null

2021-11-16 16:06:15 - [TEST_STEP][PASSED] - actualText = getText().toString(): null

2021-11-16 16:06:15 - [TEST_STEP][PASSED] - isproductPresent = verifyMatch(actualText, expectedText, false): Actual text 'Product(s):' and expected text 'Product(s):' are matched 

2021-11-16 16:06:15 - [MESSAGE][PASSED] - Actual text 'Product(s):' and expected text 'Product(s):' are matched 

2021-11-16 16:06:15 - [TEST_STEP][PASSED] - if (isproductPresent == true): null

2021-11-16 16:06:15 - [TEST_STEP][PASSED] - ithproductrowColumn = get(i).getText(): null

2021-11-16 16:06:15 - [TEST_STEP][PASSED] - installationWord = ithproductrowColumn.contains("Installation and Licensing"): null

2021-11-16 16:06:15 - [TEST_STEP][PASSED] - if (installationWord == true): null

2021-11-16 16:06:15 - [TEST_STEP][PASSED] - out.println("Installation and Licensing word is present"): null

2021-11-16 16:06:15 - [TEST_STEP][PASSED] - expectedWord = "Document type:": null

2021-11-16 16:06:15 - [TEST_STEP][PASSED] - actualWord = getText().toString(): null

2021-11-16 16:06:15 - [TEST_STEP][PASSED] - isdocumentPresent = verifyMatch(actualWord, expectedWord, false): Actual text 'Document type:' and expected text 'Document type:' are matched 

2021-11-16 16:06:15 - [MESSAGE][PASSED] - Actual text 'Document type:' and expected text 'Document type:' are matched 

2021-11-16 16:06:15 - [TEST_STEP][PASSED] - if (isdocumentPresent == true): null

2021-11-16 16:06:15 - [TEST_STEP][PASSED] - ithdocumentColumn = get(i).getText(): null

2021-11-16 16:06:15 - [TEST_STEP][PASSED] - configurationWord = ithdocumentColumn.contains("Installation, Licensing & Configuration"): null

2021-11-16 16:06:15 - [TEST_STEP][PASSED] - if (configurationWord == true): null

2021-11-16 16:06:15 - [TEST_STEP][PASSED] - else: null

2021-11-16 16:06:15 - [TEST_STEP][PASSED] - out.println("Installation, Licensing & Configuration word is not present"): null

2021-11-16 16:06:15 - [TEST_STEP][PASSED] - expectedText = "Product(s):": null

2021-11-16 16:06:15 - [TEST_STEP][PASSED] - actualText = getText().toString(): null

2021-11-16 16:06:15 - [TEST_STEP][PASSED] - isproductPresent = verifyMatch(actualText, expectedText, false): Actual text 'Product(s):' and expected text 'Product(s):' are matched 

2021-11-16 16:06:15 - [MESSAGE][PASSED] - Actual text 'Product(s):' and expected text 'Product(s):' are matched 

2021-11-16 16:06:15 - [TEST_STEP][PASSED] - if (isproductPresent == true): null

2021-11-16 16:06:15 - [TEST_STEP][PASSED] - ithproductrowColumn = get(i).getText(): null

2021-11-16 16:06:15 - [TEST_STEP][PASSED] - installationWord = ithproductrowColumn.contains("Installation and Licensing"): null

2021-11-16 16:06:15 - [TEST_STEP][PASSED] - if (installationWord == true): null

2021-11-16 16:06:15 - [TEST_STEP][PASSED] - out.println("Installation and Licensing word is present"): null

2021-11-16 16:06:15 - [TEST_STEP][PASSED] - expectedWord = "Document type:": null

2021-11-16 16:06:15 - [TEST_STEP][PASSED] - actualWord = getText().toString(): null

2021-11-16 16:06:15 - [TEST_STEP][PASSED] - isdocumentPresent = verifyMatch(actualWord, expectedWord, false): Actual text 'Document type:' and expected text 'Document type:' are matched 

2021-11-16 16:06:15 - [MESSAGE][PASSED] - Actual text 'Document type:' and expected text 'Document type:' are matched 

2021-11-16 16:06:15 - [TEST_STEP][PASSED] - if (isdocumentPresent == true): null

2021-11-16 16:06:15 - [TEST_STEP][PASSED] - ithdocumentColumn = get(i).getText(): null

2021-11-16 16:06:15 - [TEST_STEP][PASSED] - configurationWord = ithdocumentColumn.contains("Installation, Licensing & Configuration"): null

2021-11-16 16:06:15 - [TEST_STEP][PASSED] - if (configurationWord == true): null

2021-11-16 16:06:15 - [TEST_STEP][PASSED] - else: null

2021-11-16 16:06:15 - [TEST_STEP][PASSED] - out.println("Installation, Licensing & Configuration word is not present"): null

2021-11-16 16:06:15 - [TEST_STEP][PASSED] - expectedText = "Product(s):": null

2021-11-16 16:06:15 - [TEST_STEP][PASSED] - actualText = getText().toString(): null

2021-11-16 16:06:15 - [TEST_STEP][PASSED] - isproductPresent = verifyMatch(actualText, expectedText, false): Actual text 'Product(s):' and expected text 'Product(s):' are matched 

2021-11-16 16:06:15 - [MESSAGE][PASSED] - Actual text 'Product(s):' and expected text 'Product(s):' are matched 

2021-11-16 16:06:15 - [TEST_STEP][PASSED] - if (isproductPresent == true): null

2021-11-16 16:06:15 - [TEST_STEP][PASSED] - ithproductrowColumn = get(i).getText(): null

2021-11-16 16:06:15 - [TEST_STEP][PASSED] - installationWord = ithproductrowColumn.contains("Installation and Licensing"): null

2021-11-16 16:06:15 - [TEST_STEP][PASSED] - if (installationWord == true): null

2021-11-16 16:06:15 - [TEST_STEP][PASSED] - out.println("Installation and Licensing word is present"): null

2021-11-16 16:06:15 - [TEST_STEP][PASSED] - expectedWord = "Document type:": null

2021-11-16 16:06:15 - [TEST_STEP][PASSED] - actualWord = getText().toString(): null

2021-11-16 16:06:15 - [TEST_STEP][PASSED] - isdocumentPresent = verifyMatch(actualWord, expectedWord, false): Actual text 'Document type:' and expected text 'Document type:' are matched 

2021-11-16 16:06:15 - [MESSAGE][PASSED] - Actual text 'Document type:' and expected text 'Document type:' are matched 

2021-11-16 16:06:15 - [TEST_STEP][PASSED] - if (isdocumentPresent == true): null

2021-11-16 16:06:15 - [TEST_STEP][PASSED] - ithdocumentColumn = get(i).getText(): null

2021-11-16 16:06:15 - [TEST_STEP][PASSED] - configurationWord = ithdocumentColumn.contains("Installation, Licensing & Configuration"): null

2021-11-16 16:06:15 - [TEST_STEP][PASSED] - if (configurationWord == true): null

2021-11-16 16:06:15 - [TEST_STEP][PASSED] - else: null

2021-11-16 16:06:15 - [TEST_STEP][PASSED] - out.println("Installation, Licensing & Configuration word is not present"): null

2021-11-16 16:06:15 - [TEST_STEP][PASSED] - expectedText = "Product(s):": null

2021-11-16 16:06:15 - [TEST_STEP][PASSED] - actualText = getText().toString(): null

2021-11-16 16:06:15 - [TEST_STEP][PASSED] - isproductPresent = verifyMatch(actualText, expectedText, false): Actual text 'Product(s):' and expected text 'Product(s):' are matched 

2021-11-16 16:06:15 - [MESSAGE][PASSED] - Actual text 'Product(s):' and expected text 'Product(s):' are matched 

2021-11-16 16:06:15 - [TEST_STEP][PASSED] - if (isproductPresent == true): null

2021-11-16 16:06:15 - [TEST_STEP][PASSED] - ithproductrowColumn = get(i).getText(): null

2021-11-16 16:06:15 - [TEST_STEP][PASSED] - installationWord = ithproductrowColumn.contains("Installation and Licensing"): null

2021-11-16 16:06:15 - [TEST_STEP][PASSED] - if (installationWord == true): null

2021-11-16 16:06:15 - [TEST_STEP][PASSED] - out.println("Installation and Licensing word is present"): null

2021-11-16 16:06:15 - [TEST_STEP][PASSED] - expectedWord = "Document type:": null

2021-11-16 16:06:15 - [TEST_STEP][PASSED] - actualWord = getText().toString(): null

2021-11-16 16:06:15 - [TEST_STEP][PASSED] - isdocumentPresent = verifyMatch(actualWord, expectedWord, false): Actual text 'Document type:' and expected text 'Document type:' are matched 

2021-11-16 16:06:15 - [MESSAGE][PASSED] - Actual text 'Document type:' and expected text 'Document type:' are matched 

2021-11-16 16:06:15 - [TEST_STEP][PASSED] - if (isdocumentPresent == true): null

2021-11-16 16:06:15 - [TEST_STEP][PASSED] - ithdocumentColumn = get(i).getText(): null

2021-11-16 16:06:15 - [TEST_STEP][PASSED] - configurationWord = ithdocumentColumn.contains("Installation, Licensing & Configuration"): null

2021-11-16 16:06:15 - [TEST_STEP][PASSED] - if (configurationWord == true): null

2021-11-16 16:06:15 - [TEST_STEP][PASSED] - else: null

2021-11-16 16:06:15 - [TEST_STEP][PASSED] - out.println("Installation, Licensing & Configuration word is not present"): null

2021-11-16 16:06:15 - [TEST_STEP][PASSED] - expectedText = "Product(s):": null

2021-11-16 16:06:15 - [TEST_STEP][PASSED] - actualText = getText().toString(): null

2021-11-16 16:06:15 - [TEST_STEP][PASSED] - isproductPresent = verifyMatch(actualText, expectedText, false): Actual text 'Product(s):' and expected text 'Product(s):' are matched 

2021-11-16 16:06:15 - [MESSAGE][PASSED] - Actual text 'Product(s):' and expected text 'Product(s):' are matched 

2021-11-16 16:06:15 - [TEST_STEP][PASSED] - if (isproductPresent == true): null

2021-11-16 16:06:15 - [TEST_STEP][PASSED] - ithproductrowColumn = get(i).getText(): null

2021-11-16 16:06:15 - [TEST_STEP][PASSED] - installationWord = ithproductrowColumn.contains("Installation and Licensing"): null

2021-11-16 16:06:15 - [TEST_STEP][PASSED] - if (installationWord == true): null

2021-11-16 16:06:15 - [TEST_STEP][PASSED] - out.println("Installation and Licensing word is present"): null

2021-11-16 16:06:15 - [TEST_STEP][PASSED] - expectedWord = "Document type:": null

2021-11-16 16:06:15 - [TEST_STEP][PASSED] - actualWord = getText().toString(): null

2021-11-16 16:06:15 - [TEST_STEP][PASSED] - isdocumentPresent = verifyMatch(actualWord, expectedWord, false): Actual text 'Document type:' and expected text 'Document type:' are matched 

2021-11-16 16:06:15 - [MESSAGE][PASSED] - Actual text 'Document type:' and expected text 'Document type:' are matched 

2021-11-16 16:06:15 - [TEST_STEP][PASSED] - if (isdocumentPresent == true): null

2021-11-16 16:06:15 - [TEST_STEP][PASSED] - ithdocumentColumn = get(i).getText(): null

2021-11-16 16:06:15 - [TEST_STEP][PASSED] - configurationWord = ithdocumentColumn.contains("Installation, Licensing & Configuration"): null

2021-11-16 16:06:15 - [TEST_STEP][PASSED] - if (configurationWord == true): null

2021-11-16 16:06:15 - [TEST_STEP][PASSED] - else: null

2021-11-16 16:06:15 - [TEST_STEP][PASSED] - out.println("Installation, Licensing & Configuration word is not present"): null

2021-11-16 16:06:15 - [TEST_STEP][PASSED] - expectedText = "Product(s):": null

2021-11-16 16:06:15 - [TEST_STEP][PASSED] - actualText = getText().toString(): null

2021-11-16 16:06:15 - [TEST_STEP][PASSED] - isproductPresent = verifyMatch(actualText, expectedText, false): Actual text 'Product(s):' and expected text 'Product(s):' are matched 

2021-11-16 16:06:15 - [MESSAGE][PASSED] - Actual text 'Product(s):' and expected text 'Product(s):' are matched 

2021-11-16 16:06:15 - [TEST_STEP][PASSED] - if (isproductPresent == true): null

2021-11-16 16:06:15 - [TEST_STEP][PASSED] - ithproductrowColumn = get(i).getText(): null

2021-11-16 16:06:15 - [TEST_STEP][PASSED] - installationWord = ithproductrowColumn.contains("Installation and Licensing"): null

2021-11-16 16:06:15 - [TEST_STEP][PASSED] - if (installationWord == true): null

2021-11-16 16:06:15 - [TEST_STEP][PASSED] - out.println("Installation and Licensing word is present"): null

2021-11-16 16:06:15 - [TEST_STEP][PASSED] - expectedWord = "Document type:": null

2021-11-16 16:06:15 - [TEST_STEP][PASSED] - actualWord = getText().toString(): null

2021-11-16 16:06:15 - [TEST_STEP][PASSED] - isdocumentPresent = verifyMatch(actualWord, expectedWord, false): Actual text 'Document type:' and expected text 'Document type:' are matched 

2021-11-16 16:06:15 - [MESSAGE][PASSED] - Actual text 'Document type:' and expected text 'Document type:' are matched 

2021-11-16 16:06:15 - [TEST_STEP][PASSED] - if (isdocumentPresent == true): null

2021-11-16 16:06:15 - [TEST_STEP][PASSED] - ithdocumentColumn = get(i).getText(): null

2021-11-16 16:06:15 - [TEST_STEP][PASSED] - configurationWord = ithdocumentColumn.contains("Installation, Licensing & Configuration"): null

2021-11-16 16:06:15 - [TEST_STEP][PASSED] - if (configurationWord == true): null

2021-11-16 16:06:15 - [TEST_STEP][PASSED] - else: null

2021-11-16 16:06:15 - [TEST_STEP][PASSED] - out.println("Installation, Licensing & Configuration word is not present"): null

2021-11-16 16:06:15 - [TEST_STEP][PASSED] - expectedText = "Product(s):": null

2021-11-16 16:06:15 - [TEST_STEP][PASSED] - actualText = getText().toString(): null

2021-11-16 16:06:15 - [TEST_STEP][PASSED] - isproductPresent = verifyMatch(actualText, expectedText, false): Actual text 'Product(s):' and expected text 'Product(s):' are matched 

2021-11-16 16:06:15 - [MESSAGE][PASSED] - Actual text 'Product(s):' and expected text 'Product(s):' are matched 

2021-11-16 16:06:15 - [TEST_STEP][PASSED] - if (isproductPresent == true): null

2021-11-16 16:06:15 - [TEST_STEP][PASSED] - ithproductrowColumn = get(i).getText(): null

2021-11-16 16:06:15 - [TEST_STEP][PASSED] - installationWord = ithproductrowColumn.contains("Installation and Licensing"): null

2021-11-16 16:06:15 - [TEST_STEP][PASSED] - if (installationWord == true): null

2021-11-16 16:06:15 - [TEST_STEP][PASSED] - out.println("Installation and Licensing word is present"): null

2021-11-16 16:06:15 - [TEST_STEP][PASSED] - expectedWord = "Document type:": null

2021-11-16 16:06:15 - [TEST_STEP][PASSED] - actualWord = getText().toString(): null

2021-11-16 16:06:15 - [TEST_STEP][PASSED] - isdocumentPresent = verifyMatch(actualWord, expectedWord, false): Actual text 'Document type:' and expected text 'Document type:' are matched 

2021-11-16 16:06:15 - [MESSAGE][PASSED] - Actual text 'Document type:' and expected text 'Document type:' are matched 

2021-11-16 16:06:15 - [TEST_STEP][PASSED] - if (isdocumentPresent == true): null

2021-11-16 16:06:15 - [TEST_STEP][PASSED] - ithdocumentColumn = get(i).getText(): null

2021-11-16 16:06:15 - [TEST_STEP][PASSED] - configurationWord = ithdocumentColumn.contains("Installation, Licensing & Configuration"): null

2021-11-16 16:06:15 - [TEST_STEP][PASSED] - if (configurationWord == true): null

2021-11-16 16:06:15 - [TEST_STEP][PASSED] - else: null

2021-11-16 16:06:15 - [TEST_STEP][PASSED] - out.println("Installation, Licensing & Configuration word is not present"): null

2021-11-16 16:06:15 - [TEST_STEP][PASSED] - expectedText = "Product(s):": null

2021-11-16 16:06:15 - [TEST_STEP][PASSED] - actualText = getText().toString(): null

2021-11-16 16:06:15 - [TEST_STEP][PASSED] - isproductPresent = verifyMatch(actualText, expectedText, false): Actual text 'Product(s):' and expected text 'Product(s):' are matched 

2021-11-16 16:06:15 - [MESSAGE][PASSED] - Actual text 'Product(s):' and expected text 'Product(s):' are matched 

2021-11-16 16:06:15 - [TEST_STEP][PASSED] - if (isproductPresent == true): null

2021-11-16 16:06:15 - [TEST_STEP][PASSED] - ithproductrowColumn = get(i).getText(): null

2021-11-16 16:06:15 - [TEST_STEP][PASSED] - installationWord = ithproductrowColumn.contains("Installation and Licensing"): null

2021-11-16 16:06:15 - [TEST_STEP][PASSED] - if (installationWord == true): null

2021-11-16 16:06:15 - [TEST_STEP][PASSED] - out.println("Installation and Licensing word is present"): null

2021-11-16 16:06:15 - [TEST_STEP][PASSED] - expectedWord = "Document type:": null

2021-11-16 16:06:15 - [TEST_STEP][PASSED] - actualWord = getText().toString(): null

2021-11-16 16:06:15 - [TEST_STEP][PASSED] - isdocumentPresent = verifyMatch(actualWord, expectedWord, false): Actual text 'Document type:' and expected text 'Document type:' are matched 

2021-11-16 16:06:15 - [MESSAGE][PASSED] - Actual text 'Document type:' and expected text 'Document type:' are matched 

2021-11-16 16:06:15 - [TEST_STEP][PASSED] - if (isdocumentPresent == true): null

2021-11-16 16:06:15 - [TEST_STEP][PASSED] - ithdocumentColumn = get(i).getText(): null

2021-11-16 16:06:15 - [TEST_STEP][PASSED] - configurationWord = ithdocumentColumn.contains("Installation, Licensing & Configuration"): null

2021-11-16 16:06:15 - [TEST_STEP][PASSED] - if (configurationWord == true): null

2021-11-16 16:06:15 - [TEST_STEP][PASSED] - else: null

2021-11-16 16:06:15 - [TEST_STEP][PASSED] - out.println("Installation, Licensing & Configuration word is not present"): null

2021-11-16 16:06:15 - [TEST_STEP][PASSED] - expectedText = "Product(s):": null

2021-11-16 16:06:15 - [TEST_STEP][PASSED] - actualText = getText().toString(): null

2021-11-16 16:06:15 - [TEST_STEP][PASSED] - isproductPresent = verifyMatch(actualText, expectedText, false): Actual text 'Product(s):' and expected text 'Product(s):' are matched 

2021-11-16 16:06:15 - [MESSAGE][PASSED] - Actual text 'Product(s):' and expected text 'Product(s):' are matched 

2021-11-16 16:06:15 - [TEST_STEP][PASSED] - if (isproductPresent == true): null

2021-11-16 16:06:15 - [TEST_STEP][PASSED] - ithproductrowColumn = get(i).getText(): null

2021-11-16 16:06:15 - [TEST_STEP][PASSED] - installationWord = ithproductrowColumn.contains("Installation and Licensing"): null

2021-11-16 16:06:15 - [TEST_STEP][PASSED] - if (installationWord == true): null

2021-11-16 16:06:15 - [TEST_STEP][PASSED] - out.println("Installation and Licensing word is present"): null

2021-11-16 16:06:15 - [TEST_STEP][PASSED] - expectedWord = "Document type:": null

2021-11-16 16:06:15 - [TEST_STEP][PASSED] - actualWord = getText().toString(): null

2021-11-16 16:06:15 - [TEST_STEP][PASSED] - isdocumentPresent = verifyMatch(actualWord, expectedWord, false): Actual text 'Document type:' and expected text 'Document type:' are matched 

2021-11-16 16:06:15 - [MESSAGE][PASSED] - Actual text 'Document type:' and expected text 'Document type:' are matched 

2021-11-16 16:06:15 - [TEST_STEP][PASSED] - if (isdocumentPresent == true): null

2021-11-16 16:06:15 - [TEST_STEP][PASSED] - ithdocumentColumn = get(i).getText(): null

2021-11-16 16:06:15 - [TEST_STEP][PASSED] - configurationWord = ithdocumentColumn.contains("Installation, Licensing & Configuration"): null

2021-11-16 16:06:15 - [TEST_STEP][PASSED] - if (configurationWord == true): null

2021-11-16 16:06:15 - [TEST_STEP][PASSED] - else: null

2021-11-16 16:06:15 - [TEST_STEP][PASSED] - out.println("Installation, Licensing & Configuration word is not present"): null

2021-11-16 16:06:15 - [TEST_STEP][PASSED] - expectedText = "Product(s):": null

2021-11-16 16:06:15 - [TEST_STEP][PASSED] - actualText = getText().toString(): null

2021-11-16 16:06:15 - [TEST_STEP][PASSED] - isproductPresent = verifyMatch(actualText, expectedText, false): Actual text 'Product(s):' and expected text 'Product(s):' are matched 

2021-11-16 16:06:15 - [MESSAGE][PASSED] - Actual text 'Product(s):' and expected text 'Product(s):' are matched 

2021-11-16 16:06:15 - [TEST_STEP][PASSED] - if (isproductPresent == true): null

2021-11-16 16:06:15 - [TEST_STEP][PASSED] - ithproductrowColumn = get(i).getText(): null

2021-11-16 16:06:15 - [TEST_STEP][PASSED] - installationWord = ithproductrowColumn.contains("Installation and Licensing"): null

2021-11-16 16:06:15 - [TEST_STEP][PASSED] - if (installationWord == true): null

2021-11-16 16:06:15 - [TEST_STEP][PASSED] - out.println("Installation and Licensing word is present"): null

2021-11-16 16:06:15 - [TEST_STEP][PASSED] - expectedWord = "Document type:": null

2021-11-16 16:06:15 - [TEST_STEP][PASSED] - actualWord = getText().toString(): null

2021-11-16 16:06:15 - [TEST_STEP][PASSED] - isdocumentPresent = verifyMatch(actualWord, expectedWord, false): Actual text 'Document type:' and expected text 'Document type:' are matched 

2021-11-16 16:06:15 - [MESSAGE][PASSED] - Actual text 'Document type:' and expected text 'Document type:' are matched 

2021-11-16 16:06:15 - [TEST_STEP][PASSED] - if (isdocumentPresent == true): null

2021-11-16 16:06:15 - [TEST_STEP][PASSED] - ithdocumentColumn = get(i).getText(): null

2021-11-16 16:06:15 - [TEST_STEP][PASSED] - configurationWord = ithdocumentColumn.contains("Installation, Licensing & Configuration"): null

2021-11-16 16:06:15 - [TEST_STEP][PASSED] - if (configurationWord == true): null

2021-11-16 16:06:15 - [TEST_STEP][PASSED] - else: null

2021-11-16 16:06:15 - [TEST_STEP][PASSED] - out.println("Installation, Licensing & Configuration word is not present"): null

2021-11-16 16:06:15 - [TEST_STEP][PASSED] - expectedText = "Product(s):": null

2021-11-16 16:06:15 - [TEST_STEP][PASSED] - actualText = getText().toString(): null

2021-11-16 16:06:15 - [TEST_STEP][PASSED] - isproductPresent = verifyMatch(actualText, expectedText, false): Actual text 'Product(s):' and expected text 'Product(s):' are matched 

2021-11-16 16:06:15 - [MESSAGE][PASSED] - Actual text 'Product(s):' and expected text 'Product(s):' are matched 

2021-11-16 16:06:15 - [TEST_STEP][PASSED] - if (isproductPresent == true): null

2021-11-16 16:06:15 - [TEST_STEP][PASSED] - ithproductrowColumn = get(i).getText(): null

2021-11-16 16:06:15 - [TEST_STEP][PASSED] - installationWord = ithproductrowColumn.contains("Installation and Licensing"): null

2021-11-16 16:06:15 - [TEST_STEP][PASSED] - if (installationWord == true): null

2021-11-16 16:06:15 - [TEST_STEP][PASSED] - out.println("Installation and Licensing word is present"): null

2021-11-16 16:06:15 - [TEST_STEP][PASSED] - expectedWord = "Document type:": null

2021-11-16 16:06:15 - [TEST_STEP][PASSED] - actualWord = getText().toString(): null

2021-11-16 16:06:15 - [TEST_STEP][PASSED] - isdocumentPresent = verifyMatch(actualWord, expectedWord, false): Actual text 'Document type:' and expected text 'Document type:' are matched 

2021-11-16 16:06:15 - [MESSAGE][PASSED] - Actual text 'Document type:' and expected text 'Document type:' are matched 

2021-11-16 16:06:15 - [TEST_STEP][PASSED] - if (isdocumentPresent == true): null

2021-11-16 16:06:15 - [TEST_STEP][PASSED] - ithdocumentColumn = get(i).getText(): null

2021-11-16 16:06:15 - [TEST_STEP][PASSED] - configurationWord = ithdocumentColumn.contains("Installation, Licensing & Configuration"): null

2021-11-16 16:06:15 - [TEST_STEP][PASSED] - if (configurationWord == true): null

2021-11-16 16:06:15 - [TEST_STEP][PASSED] - else: null

2021-11-16 16:06:15 - [TEST_STEP][PASSED] - out.println("Installation, Licensing & Configuration word is not present"): null

2021-11-16 16:06:15 - [TEST_STEP][PASSED] - expectedText = "Product(s):": null

2021-11-16 16:06:15 - [TEST_STEP][PASSED] - actualText = getText().toString(): null

2021-11-16 16:06:15 - [TEST_STEP][PASSED] - isproductPresent = verifyMatch(actualText, expectedText, false): Actual text 'Product(s):' and expected text 'Product(s):' are matched 

2021-11-16 16:06:15 - [MESSAGE][PASSED] - Actual text 'Product(s):' and expected text 'Product(s):' are matched 

2021-11-16 16:06:15 - [TEST_STEP][PASSED] - if (isproductPresent == true): null

2021-11-16 16:06:15 - [TEST_STEP][PASSED] - ithproductrowColumn = get(i).getText(): null

2021-11-16 16:06:15 - [TEST_STEP][PASSED] - installationWord = ithproductrowColumn.contains("Installation and Licensing"): null

2021-11-16 16:06:15 - [TEST_STEP][PASSED] - if (installationWord == true): null

2021-11-16 16:06:15 - [TEST_STEP][PASSED] - out.println("Installation and Licensing word is present"): null

2021-11-16 16:06:15 - [TEST_STEP][PASSED] - expectedWord = "Document type:": null

2021-11-16 16:06:15 - [TEST_STEP][PASSED] - actualWord = getText().toString(): null

2021-11-16 16:06:15 - [TEST_STEP][PASSED] - isdocumentPresent = verifyMatch(actualWord, expectedWord, false): Actual text 'Document type:' and expected text 'Document type:' are matched 

2021-11-16 16:06:15 - [MESSAGE][PASSED] - Actual text 'Document type:' and expected text 'Document type:' are matched 

2021-11-16 16:06:15 - [TEST_STEP][PASSED] - if (isdocumentPresent == true): null

2021-11-16 16:06:15 - [TEST_STEP][PASSED] - ithdocumentColumn = get(i).getText(): null

2021-11-16 16:06:15 - [TEST_STEP][PASSED] - configurationWord = ithdocumentColumn.contains("Installation, Licensing & Configuration"): null

2021-11-16 16:06:15 - [TEST_STEP][PASSED] - if (configurationWord == true): null

2021-11-16 16:06:15 - [TEST_STEP][PASSED] - else: null

2021-11-16 16:06:15 - [TEST_STEP][PASSED] - out.println("Installation, Licensing & Configuration word is not present"): null

2021-11-16 16:06:15 - [TEST_STEP][PASSED] - expectedText = "Product(s):": null

2021-11-16 16:06:15 - [TEST_STEP][PASSED] - actualText = getText().toString(): null

2021-11-16 16:06:15 - [TEST_STEP][PASSED] - isproductPresent = verifyMatch(actualText, expectedText, false): Actual text 'Product(s):' and expected text 'Product(s):' are matched 

2021-11-16 16:06:15 - [MESSAGE][PASSED] - Actual text 'Product(s):' and expected text 'Product(s):' are matched 

2021-11-16 16:06:15 - [TEST_STEP][PASSED] - if (isproductPresent == true): null

2021-11-16 16:06:15 - [TEST_STEP][PASSED] - ithproductrowColumn = get(i).getText(): null

2021-11-16 16:06:15 - [TEST_STEP][PASSED] - installationWord = ithproductrowColumn.contains("Installation and Licensing"): null

2021-11-16 16:06:15 - [TEST_STEP][PASSED] - if (installationWord == true): null

2021-11-16 16:06:15 - [TEST_STEP][PASSED] - out.println("Installation and Licensing word is present"): null

2021-11-16 16:06:15 - [TEST_STEP][PASSED] - expectedWord = "Document type:": null

2021-11-16 16:06:15 - [TEST_STEP][PASSED] - actualWord = getText().toString(): null

2021-11-16 16:06:15 - [TEST_STEP][PASSED] - isdocumentPresent = verifyMatch(actualWord, expectedWord, false): Actual text 'Document type:' and expected text 'Document type:' are matched 

2021-11-16 16:06:15 - [MESSAGE][PASSED] - Actual text 'Document type:' and expected text 'Document type:' are matched 

2021-11-16 16:06:15 - [TEST_STEP][PASSED] - if (isdocumentPresent == true): null

2021-11-16 16:06:15 - [TEST_STEP][PASSED] - ithdocumentColumn = get(i).getText(): null

2021-11-16 16:06:15 - [TEST_STEP][PASSED] - configurationWord = ithdocumentColumn.contains("Installation, Licensing & Configuration"): null

2021-11-16 16:06:15 - [TEST_STEP][PASSED] - if (configurationWord == true): null

2021-11-16 16:06:15 - [TEST_STEP][PASSED] - out.println("Installation, Licensing & Configuration word is present"): null

2021-11-16 16:06:15 - [TEST_STEP][PASSED] - expectedText = "Product(s):": null

2021-11-16 16:06:15 - [TEST_STEP][PASSED] - actualText = getText().toString(): null

2021-11-16 16:06:15 - [TEST_STEP][PASSED] - isproductPresent = verifyMatch(actualText, expectedText, false): Actual text 'Product(s):' and expected text 'Product(s):' are matched 

2021-11-16 16:06:15 - [MESSAGE][PASSED] - Actual text 'Product(s):' and expected text 'Product(s):' are matched 

2021-11-16 16:06:15 - [TEST_STEP][PASSED] - if (isproductPresent == true): null

2021-11-16 16:06:15 - [TEST_STEP][PASSED] - ithproductrowColumn = get(i).getText(): null

2021-11-16 16:06:15 - [TEST_STEP][PASSED] - installationWord = ithproductrowColumn.contains("Installation and Licensing"): null

2021-11-16 16:06:15 - [TEST_STEP][PASSED] - if (installationWord == true): null

2021-11-16 16:06:15 - [TEST_STEP][PASSED] - else: null

2021-11-16 16:06:15 - [TEST_STEP][PASSED] - out.println("Installation and Licensing word is not present"): null

2021-11-16 16:06:15 - [TEST_STEP][PASSED] - expectedWord = "Document type:": null

2021-11-16 16:06:15 - [TEST_STEP][PASSED] - actualWord = getText().toString(): null

2021-11-16 16:06:15 - [TEST_STEP][PASSED] - isdocumentPresent = verifyMatch(actualWord, expectedWord, false): Actual text 'Document type:' and expected text 'Document type:' are matched 

2021-11-16 16:06:15 - [MESSAGE][PASSED] - Actual text 'Document type:' and expected text 'Document type:' are matched 

2021-11-16 16:06:15 - [TEST_STEP][PASSED] - if (isdocumentPresent == true): null

2021-11-16 16:06:15 - [TEST_STEP][PASSED] - ithdocumentColumn = get(i).getText(): null

2021-11-16 16:06:15 - [TEST_STEP][PASSED] - configurationWord = ithdocumentColumn.contains("Installation, Licensing & Configuration"): null

2021-11-16 16:06:15 - [TEST_STEP][PASSED] - if (configurationWord == true): null

2021-11-16 16:06:15 - [TEST_STEP][PASSED] - out.println("Installation, Licensing & Configuration word is present"): null

2021-11-16 16:06:15 - [TEST_STEP][PASSED] - expectedText = "Product(s):": null

2021-11-16 16:06:15 - [TEST_STEP][PASSED] - actualText = getText().toString(): null

2021-11-16 16:06:15 - [TEST_STEP][PASSED] - isproductPresent = verifyMatch(actualText, expectedText, false): Actual text 'Product(s):' and expected text 'Product(s):' are matched 

2021-11-16 16:06:15 - [MESSAGE][PASSED] - Actual text 'Product(s):' and expected text 'Product(s):' are matched 

2021-11-16 16:06:15 - [TEST_STEP][PASSED] - if (isproductPresent == true): null

2021-11-16 16:06:15 - [TEST_STEP][PASSED] - ithproductrowColumn = get(i).getText(): null

2021-11-16 16:06:15 - [TEST_STEP][PASSED] - installationWord = ithproductrowColumn.contains("Installation and Licensing"): null

2021-11-16 16:06:15 - [TEST_STEP][PASSED] - if (installationWord == true): null

2021-11-16 16:06:15 - [TEST_STEP][PASSED] - out.println("Installation and Licensing word is present"): null

2021-11-16 16:06:15 - [TEST_STEP][PASSED] - expectedWord = "Document type:": null

2021-11-16 16:06:15 - [TEST_STEP][PASSED] - actualWord = getText().toString(): null

2021-11-16 16:06:15 - [TEST_STEP][PASSED] - isdocumentPresent = verifyMatch(actualWord, expectedWord, false): Actual text 'Document type:' and expected text 'Document type:' are matched 

2021-11-16 16:06:15 - [MESSAGE][PASSED] - Actual text 'Document type:' and expected text 'Document type:' are matched 

2021-11-16 16:06:15 - [TEST_STEP][PASSED] - if (isdocumentPresent == true): null

2021-11-16 16:06:15 - [TEST_STEP][PASSED] - ithdocumentColumn = get(i).getText(): null

2021-11-16 16:06:15 - [TEST_STEP][PASSED] - configurationWord = ithdocumentColumn.contains("Installation, Licensing & Configuration"): null

2021-11-16 16:06:15 - [TEST_STEP][PASSED] - if (configurationWord == true): null

2021-11-16 16:06:15 - [TEST_STEP][PASSED] - else: null

2021-11-16 16:06:15 - [TEST_STEP][PASSED] - out.println("Installation, Licensing & Configuration word is not present"): null

2021-11-16 16:06:15 - [TEST_STEP][PASSED] - expectedText = "Product(s):": null

2021-11-16 16:06:15 - [TEST_STEP][PASSED] - actualText = getText().toString(): null

2021-11-16 16:06:15 - [TEST_STEP][PASSED] - isproductPresent = verifyMatch(actualText, expectedText, false): Actual text 'Product(s):' and expected text 'Product(s):' are matched 

2021-11-16 16:06:15 - [MESSAGE][PASSED] - Actual text 'Product(s):' and expected text 'Product(s):' are matched 

2021-11-16 16:06:15 - [TEST_STEP][PASSED] - if (isproductPresent == true): null

2021-11-16 16:06:15 - [TEST_STEP][PASSED] - ithproductrowColumn = get(i).getText(): null

2021-11-16 16:06:16 - [TEST_STEP][PASSED] - installationWord = ithproductrowColumn.contains("Installation and Licensing"): null

2021-11-16 16:06:16 - [TEST_STEP][PASSED] - if (installationWord == true): null

2021-11-16 16:06:16 - [TEST_STEP][PASSED] - out.println("Installation and Licensing word is present"): null

2021-11-16 16:06:16 - [TEST_STEP][PASSED] - expectedWord = "Document type:": null

2021-11-16 16:06:16 - [TEST_STEP][PASSED] - actualWord = getText().toString(): null

2021-11-16 16:06:16 - [TEST_STEP][PASSED] - isdocumentPresent = verifyMatch(actualWord, expectedWord, false): Actual text 'Document type:' and expected text 'Document type:' are matched 

2021-11-16 16:06:16 - [MESSAGE][PASSED] - Actual text 'Document type:' and expected text 'Document type:' are matched 

2021-11-16 16:06:16 - [TEST_STEP][PASSED] - if (isdocumentPresent == true): null

2021-11-16 16:06:16 - [TEST_STEP][PASSED] - ithdocumentColumn = get(i).getText(): null

2021-11-16 16:06:16 - [TEST_STEP][PASSED] - configurationWord = ithdocumentColumn.contains("Installation, Licensing & Configuration"): null

2021-11-16 16:06:16 - [TEST_STEP][PASSED] - if (configurationWord == true): null

2021-11-16 16:06:16 - [TEST_STEP][PASSED] - else: null

2021-11-16 16:06:16 - [TEST_STEP][PASSED] - out.println("Installation, Licensing & Configuration word is not present"): null

2021-11-16 16:06:16 - [TEST_STEP][PASSED] - expectedText = "Product(s):": null

2021-11-16 16:06:16 - [TEST_STEP][PASSED] - actualText = getText().toString(): null

2021-11-16 16:06:16 - [TEST_STEP][PASSED] - isproductPresent = verifyMatch(actualText, expectedText, false): Actual text 'Product(s):' and expected text 'Product(s):' are matched 

2021-11-16 16:06:16 - [MESSAGE][PASSED] - Actual text 'Product(s):' and expected text 'Product(s):' are matched 

2021-11-16 16:06:16 - [TEST_STEP][PASSED] - if (isproductPresent == true): null

2021-11-16 16:06:16 - [TEST_STEP][PASSED] - ithproductrowColumn = get(i).getText(): null

2021-11-16 16:06:16 - [TEST_STEP][PASSED] - installationWord = ithproductrowColumn.contains("Installation and Licensing"): null

2021-11-16 16:06:16 - [TEST_STEP][PASSED] - if (installationWord == true): null

2021-11-16 16:06:16 - [TEST_STEP][PASSED] - out.println("Installation and Licensing word is present"): null

2021-11-16 16:06:16 - [TEST_STEP][PASSED] - expectedWord = "Document type:": null

2021-11-16 16:06:16 - [TEST_STEP][PASSED] - actualWord = getText().toString(): null

2021-11-16 16:06:16 - [TEST_STEP][PASSED] - isdocumentPresent = verifyMatch(actualWord, expectedWord, false): Actual text 'Document type:' and expected text 'Document type:' are matched 

2021-11-16 16:06:16 - [MESSAGE][PASSED] - Actual text 'Document type:' and expected text 'Document type:' are matched 

2021-11-16 16:06:16 - [TEST_STEP][PASSED] - if (isdocumentPresent == true): null

2021-11-16 16:06:16 - [TEST_STEP][PASSED] - ithdocumentColumn = get(i).getText(): null

2021-11-16 16:06:16 - [TEST_STEP][PASSED] - configurationWord = ithdocumentColumn.contains("Installation, Licensing & Configuration"): null

2021-11-16 16:06:16 - [TEST_STEP][PASSED] - if (configurationWord == true): null

2021-11-16 16:06:16 - [TEST_STEP][PASSED] - else: null

2021-11-16 16:06:16 - [TEST_STEP][PASSED] - out.println("Installation, Licensing & Configuration word is not present"): null

2021-11-16 16:06:16 - [TEST_STEP][PASSED] - expectedText = "Product(s):": null

2021-11-16 16:06:16 - [TEST_STEP][PASSED] - actualText = getText().toString(): null

2021-11-16 16:06:16 - [TEST_STEP][PASSED] - isproductPresent = verifyMatch(actualText, expectedText, false): Actual text 'Product(s):' and expected text 'Product(s):' are matched 

2021-11-16 16:06:16 - [MESSAGE][PASSED] - Actual text 'Product(s):' and expected text 'Product(s):' are matched 

2021-11-16 16:06:16 - [TEST_STEP][PASSED] - if (isproductPresent == true): null

2021-11-16 16:06:16 - [TEST_STEP][PASSED] - ithproductrowColumn = get(i).getText(): null

2021-11-16 16:06:16 - [TEST_STEP][PASSED] - installationWord = ithproductrowColumn.contains("Installation and Licensing"): null

2021-11-16 16:06:16 - [TEST_STEP][PASSED] - if (installationWord == true): null

2021-11-16 16:06:16 - [TEST_STEP][PASSED] - out.println("Installation and Licensing word is present"): null

2021-11-16 16:06:16 - [TEST_STEP][PASSED] - expectedWord = "Document type:": null

2021-11-16 16:06:16 - [TEST_STEP][PASSED] - actualWord = getText().toString(): null

2021-11-16 16:06:16 - [TEST_STEP][PASSED] - isdocumentPresent = verifyMatch(actualWord, expectedWord, false): Actual text 'Document type:' and expected text 'Document type:' are matched 

2021-11-16 16:06:16 - [MESSAGE][PASSED] - Actual text 'Document type:' and expected text 'Document type:' are matched 

2021-11-16 16:06:16 - [TEST_STEP][PASSED] - if (isdocumentPresent == true): null

2021-11-16 16:06:16 - [TEST_STEP][PASSED] - ithdocumentColumn = get(i).getText(): null

2021-11-16 16:06:16 - [TEST_STEP][PASSED] - configurationWord = ithdocumentColumn.contains("Installation, Licensing & Configuration"): null

2021-11-16 16:06:16 - [TEST_STEP][PASSED] - if (configurationWord == true): null

2021-11-16 16:06:16 - [TEST_STEP][PASSED] - else: null

2021-11-16 16:06:16 - [TEST_STEP][PASSED] - out.println("Installation, Licensing & Configuration word is not present"): null

2021-11-16 16:06:16 - [TEST_STEP][PASSED] - expectedText = "Product(s):": null

2021-11-16 16:06:16 - [TEST_STEP][PASSED] - actualText = getText().toString(): null

2021-11-16 16:06:16 - [TEST_STEP][PASSED] - isproductPresent = verifyMatch(actualText, expectedText, false): Actual text 'Product(s):' and expected text 'Product(s):' are matched 

2021-11-16 16:06:16 - [MESSAGE][PASSED] - Actual text 'Product(s):' and expected text 'Product(s):' are matched 

2021-11-16 16:06:16 - [TEST_STEP][PASSED] - if (isproductPresent == true): null

2021-11-16 16:06:16 - [TEST_STEP][PASSED] - ithproductrowColumn = get(i).getText(): null

2021-11-16 16:06:16 - [TEST_STEP][PASSED] - installationWord = ithproductrowColumn.contains("Installation and Licensing"): null

2021-11-16 16:06:16 - [TEST_STEP][PASSED] - if (installationWord == true): null

2021-11-16 16:06:16 - [TEST_STEP][PASSED] - out.println("Installation and Licensing word is present"): null

2021-11-16 16:06:16 - [TEST_STEP][PASSED] - expectedWord = "Document type:": null

2021-11-16 16:06:16 - [TEST_STEP][PASSED] - actualWord = getText().toString(): null

2021-11-16 16:06:16 - [TEST_STEP][PASSED] - isdocumentPresent = verifyMatch(actualWord, expectedWord, false): Actual text 'Document type:' and expected text 'Document type:' are matched 

2021-11-16 16:06:16 - [MESSAGE][PASSED] - Actual text 'Document type:' and expected text 'Document type:' are matched 

2021-11-16 16:06:16 - [TEST_STEP][PASSED] - if (isdocumentPresent == true): null

2021-11-16 16:06:16 - [TEST_STEP][PASSED] - ithdocumentColumn = get(i).getText(): null

2021-11-16 16:06:16 - [TEST_STEP][PASSED] - configurationWord = ithdocumentColumn.contains("Installation, Licensing & Configuration"): null

2021-11-16 16:06:16 - [TEST_STEP][PASSED] - if (configurationWord == true): null

2021-11-16 16:06:16 - [TEST_STEP][PASSED] - out.println("Installation, Licensing & Configuration word is present"): null

2021-11-16 16:06:16 - [TEST_STEP][PASSED] - Thread.sleep(25000): null

2021-11-16 16:06:41 - [TEST_STEP][PASSED] - back(): Navigate back successfully

2021-11-16 16:06:43 - [MESSAGE][PASSED] - Navigate back successfully

2021-11-16 16:06:43 - [TEST_STEP][PASSED] - verifyElementVisible(findTestObject("Object Repository/Quick_Link_Section_OR/Product_Manuals_Location")): Object 'Object Repository/Quick_Link_Section_OR/Product_Manuals_Location' is visible

2021-11-16 16:06:44 - [MESSAGE][PASSED] - Object 'Object Repository/Quick_Link_Section_OR/Product_Manuals_Location' is visible

2021-11-16 16:06:44 - [TEST_STEP][PASSED] - click(findTestObject("Object Repository/Quick_Link_Section_OR/Product_Manuals_Location")): Object: 'Object Repository/Quick_Link_Section_OR/Product_Manuals_Location' is clicked on

2021-11-16 16:06:48 - [MESSAGE][PASSED] - Object: 'Object Repository/Quick_Link_Section_OR/Product_Manuals_Location' is clicked on

2021-11-16 16:06:48 - [TEST_STEP][PASSED] - expectedTitle1 = "Product Manuals": null

2021-11-16 16:06:48 - [TEST_STEP][PASSED] - actualTitle1 = getWindowTitle(): Current window's title is: 'Product Manuals'

2021-11-16 16:06:48 - [MESSAGE][PASSED] - Current window's title is: 'Product Manuals'

2021-11-16 16:06:48 - [TEST_STEP][PASSED] - verifyMatch(actualTitle1, expectedTitle1, true): Actual text 'Product Manuals' and expected text 'Product Manuals' are matched  using regular expression

2021-11-16 16:06:48 - [MESSAGE][PASSED] - Actual text 'Product Manuals' and expected text 'Product Manuals' are matched  using regular expression

2021-11-16 16:06:48 - [TEST_STEP][PASSED] - verifyElementText(findTestObject("Search_Result_Page_OR/Pagehead_location"), "Product Manuals"): Actual text and expected text of test object 'Object Repository/Search_Result_Page_OR/Pagehead_location' are matched.

2021-11-16 16:06:49 - [MESSAGE][PASSED] - Actual text and expected text of test object 'Object Repository/Search_Result_Page_OR/Pagehead_location' are matched.

2021-11-16 16:06:49 - [TEST_STEP][PASSED] - verifyElementVisible(findTestObject("Object Repository/Search_Result_Page_OR/Product_Manuals_release_links")): Object 'Object Repository/Search_Result_Page_OR/Product_Manuals_release_links' is visible

2021-11-16 16:06:49 - [MESSAGE][PASSED] - Object 'Object Repository/Search_Result_Page_OR/Product_Manuals_release_links' is visible

2021-11-16 16:06:49 - [TEST_STEP][PASSED] - click(findTestObject("Object Repository/Search_Result_Page_OR/Product_Manuals_release_links")): Object: 'Object Repository/Search_Result_Page_OR/Product_Manuals_release_links' is clicked on

2021-11-16 16:06:52 - [MESSAGE][PASSED] - Object: 'Object Repository/Search_Result_Page_OR/Product_Manuals_release_links' is clicked on

2021-11-16 16:06:52 - [TEST_STEP][PASSED] - attributeURL = getAttribute(findTestObject("Object Repository/Release_link_pdf_location"), "href").toString(): Attribute 'href' of object 'Object Repository/Release_link_pdf_location' is: 'https://hfx-prd-cos.cs197.force.com/apex/RedirectPage?urlType=techPubs&url=/tech-pubs/Docs/amsdmv/amsdmvIC6.1.8/amsdmv.pdf'

2021-11-16 16:06:54 - [MESSAGE][PASSED] - Attribute 'href' of object 'Object Repository/Release_link_pdf_location' is: 'https://hfx-prd-cos.cs197.force.com/apex/RedirectPage?urlType=techPubs&url=/tech-pubs/Docs/amsdmv/amsdmvIC6.1.8/amsdmv.pdf'

2021-11-16 16:06:54 - [TEST_STEP][PASSED] - out.println(attributeURL): null

2021-11-16 16:06:54 - [TEST_STEP][PASSED] - islinkPDF = attributeURL.endsWith(".pdf"): null

2021-11-16 16:06:54 - [TEST_STEP][PASSED] - if (islinkPDF == true): null

2021-11-16 16:06:54 - [TEST_STEP][PASSED] - out.println("Link contains PDF file"): null

2021-11-16 16:06:54 - [TEST_STEP][PASSED] - Thread.sleep(3000): null

2021-11-16 16:06:57 - [TEST_STEP][PASSED] - back(): Navigate back successfully

2021-11-16 16:07:00 - [MESSAGE][PASSED] - Navigate back successfully

2021-11-16 16:07:00 - [TEST_STEP][PASSED] - Thread.sleep(2000): null

2021-11-16 16:07:02 - [TEST_STEP][PASSED] - back(): Navigate back successfully

2021-11-16 16:07:04 - [MESSAGE][PASSED] - Navigate back successfully

2021-11-16 16:07:04 - [TEST_STEP][PASSED] - verifyElementVisible(findTestObject("Object Repository/Quick_Link_Section_OR/Training_Courses_location")): Object 'Object Repository/Quick_Link_Section_OR/Training_Courses_location' is visible

2021-11-16 16:07:06 - [MESSAGE][PASSED] - Object 'Object Repository/Quick_Link_Section_OR/Training_Courses_location' is visible

2021-11-16 16:07:06 - [TEST_STEP][PASSED] - click(findTestObject("Object Repository/Quick_Link_Section_OR/Training_Courses_location")): Object: 'Object Repository/Quick_Link_Section_OR/Training_Courses_location' is clicked on

2021-11-16 16:07:12 - [MESSAGE][PASSED] - Object: 'Object Repository/Quick_Link_Section_OR/Training_Courses_location' is clicked on

2021-11-16 16:07:12 - [TEST_STEP][PASSED] - expectedTitle2 = "Training Courses": null

2021-11-16 16:07:12 - [TEST_STEP][PASSED] - actualTitle2 = getWindowTitle(): Current window's title is: 'Training Courses'

2021-11-16 16:07:12 - [MESSAGE][PASSED] - Current window's title is: 'Training Courses'

[...]

2021-11-16 16:16:03 - [TEST_STEP][PASSED] - out.println(isitem2PresentinPara): null

2021-11-16 16:16:03 - [TEST_STEP][PASSED] - if (isitem1PresentinLink == true): null

2021-11-16 16:16:03 - [TEST_STEP][PASSED] - else if (isitem2PresentinLink == true): null

2021-11-16 16:16:03 - [TEST_STEP][PASSED] - break: null

2021-11-16 16:16:03 - [TEST_STEP][PASSED] - click(findTestObject("Object Repository/Search_Result_Page_OR/Clear_option")): Object: 'Object Repository/Search_Result_Page_OR/Clear_option' is clicked on

2021-11-16 16:16:04 - [MESSAGE][PASSED] - Object: 'Object Repository/Search_Result_Page_OR/Clear_option' is clicked on

2021-11-16 16:16:04 - [MESSAGE][PASSED] - Call Test Case 'Test Cases/CommonTestCases/TC-DynamicNavigationLinks' successfully

2021-11-16 16:16:04 - [TEST_STEP][PASSED] - callTestCase(findTestCase("CommonTestCases/TC-DynamicNavigationLinks"), ["FacetToCheck":Facet_2ToCheck, "WordToBePresent":Word_2ToBePresent, "DynamicLinks":DynamicLinks_2, "LinkToCheck":ProductLink_1, ... ], STOP_ON_FAILURE): Call Test Case 'Test Cases/CommonTestCases/TC-DynamicNavigationLinks' successfully

2021-11-16 16:16:04 - [TEST_CASE][PASSED] - Test Cases/CommonTestCases/TC-DynamicNavigationLinks: Test Cases/CommonTestCases/TC-DynamicNavigationLinks

2021-11-16 16:16:04 - [TEST_STEP][PASSED] - driver = getWebDriver(): null

2021-11-16 16:16:04 - [TEST_STEP][PASSED] - facetToBeChecked = driver.findElement(By.xpath(FacetToCheck)): null

2021-11-16 16:16:05 - [TEST_STEP][PASSED] - isFacetVisible = facetToBeChecked.isDisplayed(): null

2021-11-16 16:16:05 - [TEST_STEP][PASSED] - out.println(isFacetVisible): null

2021-11-16 16:16:05 - [TEST_STEP][PASSED] - isMatchTrue = verifyMatch(WordToBePresent, facetToBeChecked.getAttribute("data-title"), false): Actual text 'All Products' and expected text 'All Products' are matched 

2021-11-16 16:16:05 - [MESSAGE][PASSED] - Actual text 'All Products' and expected text 'All Products' are matched 

2021-11-16 16:16:05 - [TEST_STEP][PASSED] - out.println(isMatchTrue): null

2021-11-16 16:16:05 - [TEST_STEP][PASSED] - isLinksVisible = xpath(DynamicLinks)).isDisplayed(): null

2021-11-16 16:16:05 - [TEST_STEP][PASSED] - out.println(isLinksVisible): null

2021-11-16 16:16:05 - [TEST_STEP][PASSED] - actualTitle = xpath(LinkToCheck)).getAttribute("data-value"): null

2021-11-16 16:16:06 - [TEST_STEP][PASSED] - out.println(actualTitle): null

2021-11-16 16:16:06 - [TEST_STEP][PASSED] - xpath(LinkToCheck)).click(): null

2021-11-16 16:16:06 - [TEST_STEP][PASSED] - verifyElementVisible(findTestObject("Object Repository/Search_Result_Page_OR/Coveo_breadcrumb_item_area")): Object 'Object Repository/Search_Result_Page_OR/Coveo_breadcrumb_item_area' is visible

2021-11-16 16:16:08 - [MESSAGE][PASSED] - Object 'Object Repository/Search_Result_Page_OR/Coveo_breadcrumb_item_area' is visible

2021-11-16 16:16:08 - [TEST_STEP][PASSED] - verifyElementText(findTestObject("Object Repository/Search_Result_Page_OR/Coveo_breadcrumb_item_area"), WordToBePresent + ":"): Actual text and expected text of test object 'Object Repository/Search_Result_Page_OR/Coveo_breadcrumb_item_area' are matched.

2021-11-16 16:16:09 - [MESSAGE][PASSED] - Actual text and expected text of test object 'Object Repository/Search_Result_Page_OR/Coveo_breadcrumb_item_area' are matched.

2021-11-16 16:16:09 - [TEST_STEP][PASSED] - verifyElementVisible(findTestObject("Object Repository/Search_Result_Page_OR/Selected_Platform_value_location")): Object 'Object Repository/Search_Result_Page_OR/Selected_Platform_value_location' is visible

2021-11-16 16:16:09 - [MESSAGE][PASSED] - Object 'Object Repository/Search_Result_Page_OR/Selected_Platform_value_location' is visible

2021-11-16 16:16:09 - [TEST_STEP][PASSED] - istitleTrue = verifyElementText(findTestObject("Object Repository/Search_Result_Page_OR/Selected_Platform_value_location"), actualTitle): Actual text and expected text of test object 'Object Repository/Search_Result_Page_OR/Selected_Platform_value_location' are matched.

2021-11-16 16:16:10 - [MESSAGE][PASSED] - Actual text and expected text of test object 'Object Repository/Search_Result_Page_OR/Selected_Platform_value_location' are matched.

2021-11-16 16:16:10 - [TEST_STEP][PASSED] - out.println(istitleTrue): null

2021-11-16 16:16:10 - [TEST_STEP][PASSED] - highlightedTextinlink = driver.findElements(By.xpath("//div[@class = 'coveo-result-list-container coveo-list-layout-container']//a")): null

2021-11-16 16:16:10 - [TEST_STEP][PASSED] - highlightedTextinPara = driver.findElements(By.xpath("//div[@data-helper='highlightStreamText']/span")): null

2021-11-16 16:16:10 - [TEST_STEP][PASSED] - for ([i = 0, i < highlightedTextinPara.size(), (i++)]): null

2021-11-16 16:16:10 - [TEST_STEP][PASSED] - isitem1PresentinLink = getText().contains(expectedsearchedText1): null

2021-11-16 16:16:10 - [TEST_STEP][PASSED] - isitem2PresentinLink = getText().contains(expectedsearchedText2): null

2021-11-16 16:16:10 - [TEST_STEP][PASSED] - isitem1PresentinPara = getText().contains(expectedsearchedText1): null

2021-11-16 16:16:10 - [TEST_STEP][PASSED] - isitem2PresentinPara = getText().contains(expectedsearchedText2): null

2021-11-16 16:16:10 - [TEST_STEP][PASSED] - out.println(isitem1PresentinLink): null

2021-11-16 16:16:10 - [TEST_STEP][PASSED] - out.println(isitem2PresentinLink): null

2021-11-16 16:16:10 - [TEST_STEP][PASSED] - out.println(isitem1PresentinPara): null

2021-11-16 16:16:10 - [TEST_STEP][PASSED] - out.println(isitem2PresentinPara): null

2021-11-16 16:16:10 - [TEST_STEP][PASSED] - if (isitem1PresentinLink == true): null

2021-11-16 16:16:10 - [TEST_STEP][PASSED] - isitem1PresentinLink = getText().contains(expectedsearchedText1): null

2021-11-16 16:16:10 - [TEST_STEP][PASSED] - isitem2PresentinLink = getText().contains(expectedsearchedText2): null

2021-11-16 16:16:10 - [TEST_STEP][PASSED] - isitem1PresentinPara = getText().contains(expectedsearchedText1): null

2021-11-16 16:16:10 - [TEST_STEP][PASSED] - isitem2PresentinPara = getText().contains(expectedsearchedText2): null

2021-11-16 16:16:10 - [TEST_STEP][PASSED] - out.println(isitem1PresentinLink): null

2021-11-16 16:16:10 - [TEST_STEP][PASSED] - out.println(isitem2PresentinLink): null

2021-11-16 16:16:10 - [TEST_STEP][PASSED] - out.println(isitem1PresentinPara): null

2021-11-16 16:16:10 - [TEST_STEP][PASSED] - out.println(isitem2PresentinPara): null

2021-11-16 16:16:10 - [TEST_STEP][PASSED] - if (isitem1PresentinLink == true): null

2021-11-16 16:16:10 - [TEST_STEP][PASSED] - isitem1PresentinLink = getText().contains(expectedsearchedText1): null

2021-11-16 16:16:10 - [TEST_STEP][PASSED] - isitem2PresentinLink = getText().contains(expectedsearchedText2): null

2021-11-16 16:16:10 - [TEST_STEP][PASSED] - isitem1PresentinPara = getText().contains(expectedsearchedText1): null

2021-11-16 16:16:11 - [TEST_STEP][PASSED] - isitem2PresentinPara = getText().contains(expectedsearchedText2): null

2021-11-16 16:16:11 - [TEST_STEP][PASSED] - out.println(isitem1PresentinLink): null

2021-11-16 16:16:11 - [TEST_STEP][PASSED] - out.println(isitem2PresentinLink): null

2021-11-16 16:16:11 - [TEST_STEP][PASSED] - out.println(isitem1PresentinPara): null

2021-11-16 16:16:11 - [TEST_STEP][PASSED] - out.println(isitem2PresentinPara): null

2021-11-16 16:16:11 - [TEST_STEP][PASSED] - if (isitem1PresentinLink == true): null

2021-11-16 16:16:11 - [TEST_STEP][PASSED] - isitem1PresentinLink = getText().contains(expectedsearchedText1): null

2021-11-16 16:16:11 - [TEST_STEP][PASSED] - isitem2PresentinLink = getText().contains(expectedsearchedText2): null

2021-11-16 16:16:11 - [TEST_STEP][PASSED] - isitem1PresentinPara = getText().contains(expectedsearchedText1): null

2021-11-16 16:16:11 - [TEST_STEP][PASSED] - isitem2PresentinPara = getText().contains(expectedsearchedText2): null

2021-11-16 16:16:11 - [TEST_STEP][PASSED] - out.println(isitem1PresentinLink): null

2021-11-16 16:16:11 - [TEST_STEP][PASSED] - out.println(isitem2PresentinLink): null

2021-11-16 16:16:11 - [TEST_STEP][PASSED] - out.println(isitem1PresentinPara): null

2021-11-16 16:16:11 - [TEST_STEP][PASSED] - out.println(isitem2PresentinPara): null

2021-11-16 16:16:11 - [TEST_STEP][PASSED] - if (isitem1PresentinLink == true): null

2021-11-16 16:16:11 - [TEST_STEP][PASSED] - isitem1PresentinLink = getText().contains(expectedsearchedText1): null

2021-11-16 16:16:11 - [TEST_STEP][PASSED] - isitem2PresentinLink = getText().contains(expectedsearchedText2): null

2021-11-16 16:16:11 - [TEST_STEP][PASSED] - isitem1PresentinPara = getText().contains(expectedsearchedText1): null

2021-11-16 16:16:11 - [TEST_STEP][PASSED] - isitem2PresentinPara = getText().contains(expectedsearchedText2): null

2021-11-16 16:16:11 - [TEST_STEP][PASSED] - out.println(isitem1PresentinLink): null

2021-11-16 16:16:11 - [TEST_STEP][PASSED] - out.println(isitem2PresentinLink): null

2021-11-16 16:16:11 - [TEST_STEP][PASSED] - out.println(isitem1PresentinPara): null

2021-11-16 16:16:11 - [TEST_STEP][PASSED] - out.println(isitem2PresentinPara): null

2021-11-16 16:16:11 - [TEST_STEP][PASSED] - if (isitem1PresentinLink == true): null

2021-11-16 16:16:11 - [TEST_STEP][PASSED] - isitem1PresentinLink = getText().contains(expectedsearchedText1): null

2021-11-16 16:16:11 - [TEST_STEP][PASSED] - isitem2PresentinLink = getText().contains(expectedsearchedText2): null

2021-11-16 16:16:11 - [TEST_STEP][PASSED] - isitem1PresentinPara = getText().contains(expectedsearchedText1): null

2021-11-16 16:16:11 - [TEST_STEP][PASSED] - isitem2PresentinPara = getText().contains(expectedsearchedText2): null

2021-11-16 16:16:11 - [TEST_STEP][PASSED] - out.println(isitem1PresentinLink): null

2021-11-16 16:16:11 - [TEST_STEP][PASSED] - out.println(isitem2PresentinLink): null

2021-11-16 16:16:11 - [TEST_STEP][PASSED] - out.println(isitem1PresentinPara): null

2021-11-16 16:16:11 - [TEST_STEP][PASSED] - out.println(isitem2PresentinPara): null

2021-11-16 16:16:11 - [TEST_STEP][PASSED] - if (isitem1PresentinLink == true): null

2021-11-16 16:16:11 - [TEST_STEP][PASSED] - isitem1PresentinLink = getText().contains(expectedsearchedText1): null

2021-11-16 16:16:11 - [TEST_STEP][PASSED] - isitem2PresentinLink = getText().contains(expectedsearchedText2): null

2021-11-16 16:16:11 - [TEST_STEP][PASSED] - isitem1PresentinPara = getText().contains(expectedsearchedText1): null

2021-11-16 16:16:11 - [TEST_STEP][PASSED] - isitem2PresentinPara = getText().contains(expectedsearchedText2): null

2021-11-16 16:16:11 - [TEST_STEP][PASSED] - out.println(isitem1PresentinLink): null

2021-11-16 16:16:11 - [TEST_STEP][PASSED] - out.println(isitem2PresentinLink): null

2021-11-16 16:16:11 - [TEST_STEP][PASSED] - out.println(isitem1PresentinPara): null

2021-11-16 16:16:11 - [TEST_STEP][PASSED] - out.println(isitem2PresentinPara): null

2021-11-16 16:16:11 - [TEST_STEP][PASSED] - if (isitem1PresentinLink == true): null

2021-11-16 16:16:11 - [TEST_STEP][PASSED] - else if (isitem2PresentinLink == true): null

2021-11-16 16:16:11 - [TEST_STEP][PASSED] - break: null

2021-11-16 16:16:11 - [TEST_STEP][PASSED] - click(findTestObject("Object Repository/Search_Result_Page_OR/Clear_option")): Object: 'Object Repository/Search_Result_Page_OR/Clear_option' is clicked on

2021-11-16 16:16:11 - [MESSAGE][PASSED] - Object: 'Object Repository/Search_Result_Page_OR/Clear_option' is clicked on

2021-11-16 16:16:11 - [MESSAGE][PASSED] - Call Test Case 'Test Cases/CommonTestCases/TC-DynamicNavigationLinks' successfully

2021-11-16 16:16:11 - [TEST_STEP][PASSED] - callTestCase(findTestCase("CommonTestCases/TC-DynamicNavigationLinks"), ["FacetToCheck":Facet_3ToCheck, "WordToBePresent":Word_3ToBePresent, "DynamicLinks":DynamicLinks_3, "LinkToCheck":TagLink_2, ... ], STOP_ON_FAILURE): Call Test Case 'Test Cases/CommonTestCases/TC-DynamicNavigationLinks' successfully

2021-11-16 16:16:11 - [TEST_CASE][PASSED] - Test Cases/CommonTestCases/TC-DynamicNavigationLinks: Test Cases/CommonTestCases/TC-DynamicNavigationLinks

2021-11-16 16:16:11 - [TEST_STEP][PASSED] - driver = getWebDriver(): null

2021-11-16 16:16:11 - [TEST_STEP][PASSED] - facetToBeChecked = driver.findElement(By.xpath(FacetToCheck)): null

2021-11-16 16:16:13 - [TEST_STEP][PASSED] - isFacetVisible = facetToBeChecked.isDisplayed(): null

2021-11-16 16:16:13 - [TEST_STEP][PASSED] - out.println(isFacetVisible): null

2021-11-16 16:16:13 - [TEST_STEP][PASSED] - isMatchTrue = verifyMatch(WordToBePresent, facetToBeChecked.getAttribute("data-title"), false): Actual text 'All Tags' and expected text 'All Tags' are matched 

2021-11-16 16:16:13 - [MESSAGE][PASSED] - Actual text 'All Tags' and expected text 'All Tags' are matched 

2021-11-16 16:16:13 - [TEST_STEP][PASSED] - out.println(isMatchTrue): null

2021-11-16 16:16:13 - [TEST_STEP][PASSED] - isLinksVisible = xpath(DynamicLinks)).isDisplayed(): null

2021-11-16 16:16:13 - [TEST_STEP][PASSED] - out.println(isLinksVisible): null

2021-11-16 16:16:13 - [TEST_STEP][PASSED] - actualTitle = xpath(LinkToCheck)).getAttribute("data-value"): null

2021-11-16 16:16:13 - [TEST_STEP][PASSED] - out.println(actualTitle): null

2021-11-16 16:16:13 - [TEST_STEP][PASSED] - xpath(LinkToCheck)).click(): null

2021-11-16 16:16:14 - [TEST_STEP][PASSED] - verifyElementVisible(findTestObject("Object Repository/Search_Result_Page_OR/Coveo_breadcrumb_item_area")): Object 'Object Repository/Search_Result_Page_OR/Coveo_breadcrumb_item_area' is visible

2021-11-16 16:16:15 - [MESSAGE][PASSED] - Object 'Object Repository/Search_Result_Page_OR/Coveo_breadcrumb_item_area' is visible

2021-11-16 16:16:15 - [TEST_STEP][PASSED] - verifyElementText(findTestObject("Object Repository/Search_Result_Page_OR/Coveo_breadcrumb_item_area"), WordToBePresent + ":"): Actual text and expected text of test object 'Object Repository/Search_Result_Page_OR/Coveo_breadcrumb_item_area' are matched.

2021-11-16 16:16:16 - [MESSAGE][PASSED] - Actual text and expected text of test object 'Object Repository/Search_Result_Page_OR/Coveo_breadcrumb_item_area' are matched.

2021-11-16 16:16:16 - [TEST_STEP][PASSED] - verifyElementVisible(findTestObject("Object Repository/Search_Result_Page_OR/Selected_Platform_value_location")): Object 'Object Repository/Search_Result_Page_OR/Selected_Platform_value_location' is visible

2021-11-16 16:16:16 - [MESSAGE][PASSED] - Object 'Object Repository/Search_Result_Page_OR/Selected_Platform_value_location' is visible

2021-11-16 16:16:16 - [TEST_STEP][PASSED] - istitleTrue = verifyElementText(findTestObject("Object Repository/Search_Result_Page_OR/Selected_Platform_value_location"), actualTitle): Actual text and expected text of test object 'Object Repository/Search_Result_Page_OR/Selected_Platform_value_location' are matched.

2021-11-16 16:16:17 - [MESSAGE][PASSED] - Actual text and expected text of test object 'Object Repository/Search_Result_Page_OR/Selected_Platform_value_location' are matched.

2021-11-16 16:16:17 - [TEST_STEP][PASSED] - out.println(istitleTrue): null

2021-11-16 16:16:17 - [TEST_STEP][PASSED] - highlightedTextinlink = driver.findElements(By.xpath("//div[@class = 'coveo-result-list-container coveo-list-layout-container']//a")): null

2021-11-16 16:16:17 - [TEST_STEP][PASSED] - highlightedTextinPara = driver.findElements(By.xpath("//div[@data-helper='highlightStreamText']/span")): null

2021-11-16 16:16:17 - [TEST_STEP][PASSED] - for ([i = 0, i < highlightedTextinPara.size(), (i++)]): null

2021-11-16 16:16:17 - [TEST_STEP][PASSED] - isitem1PresentinLink = getText().contains(expectedsearchedText1): null

2021-11-16 16:16:17 - [TEST_STEP][PASSED] - isitem2PresentinLink = getText().contains(expectedsearchedText2): null

2021-11-16 16:16:17 - [TEST_STEP][PASSED] - isitem1PresentinPara = getText().contains(expectedsearchedText1): null

2021-11-16 16:16:17 - [TEST_STEP][PASSED] - isitem2PresentinPara = getText().contains(expectedsearchedText2): null

2021-11-16 16:16:17 - [TEST_STEP][PASSED] - out.println(isitem1PresentinLink): null

2021-11-16 16:16:17 - [TEST_STEP][PASSED] - out.println(isitem2PresentinLink): null

2021-11-16 16:16:17 - [TEST_STEP][PASSED] - out.println(isitem1PresentinPara): null

2021-11-16 16:16:17 - [TEST_STEP][PASSED] - out.println(isitem2PresentinPara): null

2021-11-16 16:16:17 - [TEST_STEP][PASSED] - if (isitem1PresentinLink == true): null

2021-11-16 16:16:17 - [TEST_STEP][PASSED] - isitem1PresentinLink = getText().contains(expectedsearchedText1): null

2021-11-16 16:16:17 - [TEST_STEP][PASSED] - isitem2PresentinLink = getText().contains(expectedsearchedText2): null

2021-11-16 16:16:17 - [TEST_STEP][PASSED] - isitem1PresentinPara = getText().contains(expectedsearchedText1): null

2021-11-16 16:16:17 - [TEST_STEP][PASSED] - isitem2PresentinPara = getText().contains(expectedsearchedText2): null

2021-11-16 16:16:17 - [TEST_STEP][PASSED] - out.println(isitem1PresentinLink): null

2021-11-16 16:16:17 - [TEST_STEP][PASSED] - out.println(isitem2PresentinLink): null

2021-11-16 16:16:17 - [TEST_STEP][PASSED] - out.println(isitem1PresentinPara): null

2021-11-16 16:16:17 - [TEST_STEP][PASSED] - out.println(isitem2PresentinPara): null

2021-11-16 16:16:17 - [TEST_STEP][PASSED] - if (isitem1PresentinLink == true): null

2021-11-16 16:16:17 - [TEST_STEP][PASSED] - isitem1PresentinLink = getText().contains(expectedsearchedText1): null

2021-11-16 16:16:17 - [TEST_STEP][PASSED] - isitem2PresentinLink = getText().contains(expectedsearchedText2): null

2021-11-16 16:16:17 - [TEST_STEP][PASSED] - isitem1PresentinPara = getText().contains(expectedsearchedText1): null

2021-11-16 16:16:17 - [TEST_STEP][PASSED] - isitem2PresentinPara = getText().contains(expectedsearchedText2): null

2021-11-16 16:16:17 - [TEST_STEP][PASSED] - out.println(isitem1PresentinLink): null

2021-11-16 16:16:17 - [TEST_STEP][PASSED] - out.println(isitem2PresentinLink): null

2021-11-16 16:16:17 - [TEST_STEP][PASSED] - out.println(isitem1PresentinPara): null

2021-11-16 16:16:17 - [TEST_STEP][PASSED] - out.println(isitem2PresentinPara): null

2021-11-16 16:16:17 - [TEST_STEP][PASSED] - if (isitem1PresentinLink == true): null

2021-11-16 16:16:17 - [TEST_STEP][PASSED] - isitem1PresentinLink = getText().contains(expectedsearchedText1): null

2021-11-16 16:16:17 - [TEST_STEP][PASSED] - isitem2PresentinLink = getText().contains(expectedsearchedText2): null

2021-11-16 16:16:18 - [TEST_STEP][PASSED] - isitem1PresentinPara = getText().contains(expectedsearchedText1): null

2021-11-16 16:16:18 - [TEST_STEP][PASSED] - isitem2PresentinPara = getText().contains(expectedsearchedText2): null

2021-11-16 16:16:18 - [TEST_STEP][PASSED] - out.println(isitem1PresentinLink): null

2021-11-16 16:16:18 - [TEST_STEP][PASSED] - out.println(isitem2PresentinLink): null

2021-11-16 16:16:18 - [TEST_STEP][PASSED] - out.println(isitem1PresentinPara): null

2021-11-16 16:16:18 - [TEST_STEP][PASSED] - out.println(isitem2PresentinPara): null

2021-11-16 16:16:18 - [TEST_STEP][PASSED] - if (isitem1PresentinLink == true): null

2021-11-16 16:16:18 - [TEST_STEP][PASSED] - else if (isitem2PresentinLink == true): null

2021-11-16 16:16:18 - [TEST_STEP][PASSED] - break: null

2021-11-16 16:16:18 - [TEST_STEP][PASSED] - click(findTestObject("Object Repository/Search_Result_Page_OR/Clear_option")): Object: 'Object Repository/Search_Result_Page_OR/Clear_option' is clicked on

2021-11-16 16:16:18 - [MESSAGE][PASSED] - Object: 'Object Repository/Search_Result_Page_OR/Clear_option' is clicked on

2021-11-16 16:16:18 - [MESSAGE][PASSED] - Call Test Case 'Test Cases/CommonTestCases/TC-DynamicNavigationLinks' successfully]]></system-out>
         <system-err><![CDATA[]]></system-err>
      </testcase>
      <system-out><![CDATA[2021-11-16 16:04:52 - [TEST_SUITE][PASSED] - TestSuite_5: Test Cases/TC-05-VerifyErrorMessage]]></system-out>
      <system-err><![CDATA[]]></system-err>
   </testsuite>
</testsuites>
